Calling target program-options parser
[21:29:57.408] [bmv2] [D] [thread 28309] Set default default entry for table 'MyIngress.vlan_exact': MyIngress.drop - 
[21:29:57.408] [bmv2] [D] [thread 28309] Set default default entry for table 'MyIngress.ipv4_lpm': MyIngress.drop - 
Adding interface s3-eth1 as port 1
[21:29:57.408] [bmv2] [D] [thread 28309] Adding interface s3-eth1 as port 1
Adding interface s3-eth2 as port 2
[21:29:57.461] [bmv2] [D] [thread 28309] Adding interface s3-eth2 as port 2
Server listening on 0.0.0.0:50053
[21:29:57.494] [bmv2] [I] [thread 28309] Starting Thrift server on port 9092
[21:29:57.495] [bmv2] [I] [thread 28309] Thrift server was started
[21:29:57.620] [bmv2] [D] [thread 28319] [0.0] [cxt 0] Processing packet received on port 1
[21:29:57.620] [bmv2] [D] [thread 28319] [0.0] [cxt 0] Parser 'parser': start
[21:29:57.620] [bmv2] [D] [thread 28319] [0.0] [cxt 0] Parser 'parser' entering state 'start'
[21:29:57.620] [bmv2] [D] [thread 28319] [0.0] [cxt 0] Extracting header 'ethernet'
[21:29:57.620] [bmv2] [D] [thread 28319] [0.0] [cxt 0] Parser state 'start': key is 86dd
[21:29:57.620] [bmv2] [T] [thread 28319] [0.0] [cxt 0] Bytes parsed: 14
[21:29:57.620] [bmv2] [D] [thread 28319] [0.0] [cxt 0] Parser 'parser': end
[21:29:57.620] [bmv2] [D] [thread 28319] [0.0] [cxt 0] Pipeline 'ingress': start
[21:29:57.620] [bmv2] [T] [thread 28319] [0.0] [cxt 0] basic.p4(190) Condition "hdr.vlan.isValid()" (node_2) is false
[21:29:57.620] [bmv2] [T] [thread 28319] [0.0] [cxt 0] basic.p4(194) Condition "hdr.ipv4.isValid() && !hdr.vlan.isValid()" (node_4) is false
[21:29:57.620] [bmv2] [D] [thread 28319] [0.0] [cxt 0] Pipeline 'ingress': end
[21:29:57.620] [bmv2] [D] [thread 28319] [0.0] [cxt 0] Egress port is 0
[21:29:57.620] [bmv2] [D] [thread 28320] [0.0] [cxt 0] Pipeline 'egress': start
[21:29:57.620] [bmv2] [D] [thread 28320] [0.0] [cxt 0] Pipeline 'egress': end
[21:29:57.620] [bmv2] [D] [thread 28320] [0.0] [cxt 0] Deparser 'deparser': start
[21:29:57.620] [bmv2] [T] [thread 28320] [0.0] [cxt 0] Skipping checksum 'cksum' update because condition not met
[21:29:57.620] [bmv2] [D] [thread 28320] [0.0] [cxt 0] Deparsing header 'ethernet'
[21:29:57.620] [bmv2] [D] [thread 28320] [0.0] [cxt 0] Deparser 'deparser': end
[21:29:57.620] [bmv2] [D] [thread 28324] [0.0] [cxt 0] Transmitting packet of size 90 out of port 0
[21:29:57.817] [bmv2] [D] [thread 28319] [1.0] [cxt 0] Processing packet received on port 2
[21:29:57.817] [bmv2] [D] [thread 28319] [1.0] [cxt 0] Parser 'parser': start
[21:29:57.817] [bmv2] [D] [thread 28319] [1.0] [cxt 0] Parser 'parser' entering state 'start'
[21:29:57.817] [bmv2] [D] [thread 28319] [1.0] [cxt 0] Extracting header 'ethernet'
[21:29:57.817] [bmv2] [D] [thread 28319] [1.0] [cxt 0] Parser state 'start': key is 86dd
[21:29:57.817] [bmv2] [T] [thread 28319] [1.0] [cxt 0] Bytes parsed: 14
[21:29:57.817] [bmv2] [D] [thread 28319] [1.0] [cxt 0] Parser 'parser': end
[21:29:57.817] [bmv2] [D] [thread 28319] [1.0] [cxt 0] Pipeline 'ingress': start
[21:29:57.817] [bmv2] [T] [thread 28319] [1.0] [cxt 0] basic.p4(190) Condition "hdr.vlan.isValid()" (node_2) is false
[21:29:57.817] [bmv2] [T] [thread 28319] [1.0] [cxt 0] basic.p4(194) Condition "hdr.ipv4.isValid() && !hdr.vlan.isValid()" (node_4) is false
[21:29:57.817] [bmv2] [D] [thread 28319] [1.0] [cxt 0] Pipeline 'ingress': end
[21:29:57.817] [bmv2] [D] [thread 28319] [1.0] [cxt 0] Egress port is 0
[21:29:57.817] [bmv2] [D] [thread 28319] [2.0] [cxt 0] Processing packet received on port 2
[21:29:57.817] [bmv2] [D] [thread 28319] [2.0] [cxt 0] Parser 'parser': start
[21:29:57.817] [bmv2] [D] [thread 28319] [2.0] [cxt 0] Parser 'parser' entering state 'start'
[21:29:57.817] [bmv2] [D] [thread 28319] [2.0] [cxt 0] Extracting header 'ethernet'
[21:29:57.817] [bmv2] [D] [thread 28319] [2.0] [cxt 0] Parser state 'start': key is 86dd
[21:29:57.817] [bmv2] [T] [thread 28319] [2.0] [cxt 0] Bytes parsed: 14
[21:29:57.817] [bmv2] [D] [thread 28319] [2.0] [cxt 0] Parser 'parser': end
[21:29:57.817] [bmv2] [D] [thread 28319] [2.0] [cxt 0] Pipeline 'ingress': start
[21:29:57.817] [bmv2] [T] [thread 28319] [2.0] [cxt 0] basic.p4(190) Condition "hdr.vlan.isValid()" (node_2) is false
[21:29:57.817] [bmv2] [T] [thread 28319] [2.0] [cxt 0] basic.p4(194) Condition "hdr.ipv4.isValid() && !hdr.vlan.isValid()" (node_4) is false
[21:29:57.817] [bmv2] [D] [thread 28319] [2.0] [cxt 0] Pipeline 'ingress': end
[21:29:57.817] [bmv2] [D] [thread 28319] [2.0] [cxt 0] Egress port is 0
[21:29:57.817] [bmv2] [D] [thread 28320] [1.0] [cxt 0] Pipeline 'egress': start
[21:29:57.817] [bmv2] [D] [thread 28320] [1.0] [cxt 0] Pipeline 'egress': end
[21:29:57.817] [bmv2] [D] [thread 28320] [1.0] [cxt 0] Deparser 'deparser': start
[21:29:57.817] [bmv2] [T] [thread 28320] [1.0] [cxt 0] Skipping checksum 'cksum' update because condition not met
[21:29:57.817] [bmv2] [D] [thread 28320] [1.0] [cxt 0] Deparsing header 'ethernet'
[21:29:57.817] [bmv2] [D] [thread 28320] [1.0] [cxt 0] Deparser 'deparser': end
[21:29:57.817] [bmv2] [D] [thread 28320] [2.0] [cxt 0] Pipeline 'egress': start
[21:29:57.817] [bmv2] [D] [thread 28320] [2.0] [cxt 0] Pipeline 'egress': end
[21:29:57.817] [bmv2] [D] [thread 28320] [2.0] [cxt 0] Deparser 'deparser': start
[21:29:57.817] [bmv2] [T] [thread 28320] [2.0] [cxt 0] Skipping checksum 'cksum' update because condition not met
[21:29:57.817] [bmv2] [D] [thread 28320] [2.0] [cxt 0] Deparsing header 'ethernet'
[21:29:57.817] [bmv2] [D] [thread 28320] [2.0] [cxt 0] Deparser 'deparser': end
[21:29:57.817] [bmv2] [D] [thread 28324] [1.0] [cxt 0] Transmitting packet of size 90 out of port 0
[21:29:57.817] [bmv2] [D] [thread 28324] [2.0] [cxt 0] Transmitting packet of size 70 out of port 0
[21:29:58.038] [bmv2] [D] [thread 28319] [3.0] [cxt 0] Processing packet received on port 2
[21:29:58.038] [bmv2] [D] [thread 28319] [3.0] [cxt 0] Parser 'parser': start
[21:29:58.038] [bmv2] [D] [thread 28319] [3.0] [cxt 0] Parser 'parser' entering state 'start'
[21:29:58.038] [bmv2] [D] [thread 28319] [3.0] [cxt 0] Extracting header 'ethernet'
[21:29:58.038] [bmv2] [D] [thread 28319] [3.0] [cxt 0] Parser state 'start': key is 86dd
[21:29:58.038] [bmv2] [T] [thread 28319] [3.0] [cxt 0] Bytes parsed: 14
[21:29:58.038] [bmv2] [D] [thread 28319] [3.0] [cxt 0] Parser 'parser': end
[21:29:58.038] [bmv2] [D] [thread 28319] [3.0] [cxt 0] Pipeline 'ingress': start
[21:29:58.038] [bmv2] [T] [thread 28319] [3.0] [cxt 0] basic.p4(190) Condition "hdr.vlan.isValid()" (node_2) is false
[21:29:58.038] [bmv2] [T] [thread 28319] [3.0] [cxt 0] basic.p4(194) Condition "hdr.ipv4.isValid() && !hdr.vlan.isValid()" (node_4) is false
[21:29:58.038] [bmv2] [D] [thread 28319] [3.0] [cxt 0] Pipeline 'ingress': end
[21:29:58.038] [bmv2] [D] [thread 28319] [3.0] [cxt 0] Egress port is 0
[21:29:58.038] [bmv2] [D] [thread 28319] [4.0] [cxt 0] Processing packet received on port 2
[21:29:58.038] [bmv2] [D] [thread 28319] [4.0] [cxt 0] Parser 'parser': start
[21:29:58.038] [bmv2] [D] [thread 28319] [4.0] [cxt 0] Parser 'parser' entering state 'start'
[21:29:58.038] [bmv2] [D] [thread 28319] [4.0] [cxt 0] Extracting header 'ethernet'
[21:29:58.038] [bmv2] [D] [thread 28319] [4.0] [cxt 0] Parser state 'start': key is 86dd
[21:29:58.038] [bmv2] [T] [thread 28319] [4.0] [cxt 0] Bytes parsed: 14
[21:29:58.038] [bmv2] [D] [thread 28319] [4.0] [cxt 0] Parser 'parser': end
[21:29:58.038] [bmv2] [D] [thread 28319] [4.0] [cxt 0] Pipeline 'ingress': start
[21:29:58.038] [bmv2] [T] [thread 28319] [4.0] [cxt 0] basic.p4(190) Condition "hdr.vlan.isValid()" (node_2) is false
[21:29:58.038] [bmv2] [T] [thread 28319] [4.0] [cxt 0] basic.p4(194) Condition "hdr.ipv4.isValid() && !hdr.vlan.isValid()" (node_4) is false
[21:29:58.038] [bmv2] [D] [thread 28319] [4.0] [cxt 0] Pipeline 'ingress': end
[21:29:58.038] [bmv2] [D] [thread 28319] [4.0] [cxt 0] Egress port is 0
[21:29:58.038] [bmv2] [D] [thread 28320] [3.0] [cxt 0] Pipeline 'egress': start
[21:29:58.038] [bmv2] [D] [thread 28320] [3.0] [cxt 0] Pipeline 'egress': end
[21:29:58.038] [bmv2] [D] [thread 28320] [3.0] [cxt 0] Deparser 'deparser': start
[21:29:58.038] [bmv2] [T] [thread 28320] [3.0] [cxt 0] Skipping checksum 'cksum' update because condition not met
[21:29:58.038] [bmv2] [D] [thread 28320] [3.0] [cxt 0] Deparsing header 'ethernet'
[21:29:58.038] [bmv2] [D] [thread 28320] [3.0] [cxt 0] Deparser 'deparser': end
[21:29:58.038] [bmv2] [D] [thread 28320] [4.0] [cxt 0] Pipeline 'egress': start
[21:29:58.038] [bmv2] [D] [thread 28320] [4.0] [cxt 0] Pipeline 'egress': end
[21:29:58.038] [bmv2] [D] [thread 28320] [4.0] [cxt 0] Deparser 'deparser': start
[21:29:58.038] [bmv2] [T] [thread 28320] [4.0] [cxt 0] Skipping checksum 'cksum' update because condition not met
[21:29:58.038] [bmv2] [D] [thread 28320] [4.0] [cxt 0] Deparsing header 'ethernet'
[21:29:58.038] [bmv2] [D] [thread 28320] [4.0] [cxt 0] Deparser 'deparser': end
[21:29:58.038] [bmv2] [D] [thread 28324] [3.0] [cxt 0] Transmitting packet of size 90 out of port 0
[21:29:58.038] [bmv2] [D] [thread 28324] [4.0] [cxt 0] Transmitting packet of size 70 out of port 0
[21:29:58.577] [bmv2] [D] [thread 28319] [5.0] [cxt 0] Processing packet received on port 2
[21:29:58.577] [bmv2] [D] [thread 28319] [5.0] [cxt 0] Parser 'parser': start
[21:29:58.577] [bmv2] [D] [thread 28319] [5.0] [cxt 0] Parser 'parser' entering state 'start'
[21:29:58.577] [bmv2] [D] [thread 28319] [5.0] [cxt 0] Extracting header 'ethernet'
[21:29:58.577] [bmv2] [D] [thread 28319] [5.0] [cxt 0] Parser state 'start': key is 86dd
[21:29:58.577] [bmv2] [T] [thread 28319] [5.0] [cxt 0] Bytes parsed: 14
[21:29:58.577] [bmv2] [D] [thread 28319] [5.0] [cxt 0] Parser 'parser': end
[21:29:58.577] [bmv2] [D] [thread 28319] [5.0] [cxt 0] Pipeline 'ingress': start
[21:29:58.577] [bmv2] [T] [thread 28319] [5.0] [cxt 0] basic.p4(190) Condition "hdr.vlan.isValid()" (node_2) is false
[21:29:58.577] [bmv2] [T] [thread 28319] [5.0] [cxt 0] basic.p4(194) Condition "hdr.ipv4.isValid() && !hdr.vlan.isValid()" (node_4) is false
[21:29:58.577] [bmv2] [D] [thread 28319] [5.0] [cxt 0] Pipeline 'ingress': end
[21:29:58.577] [bmv2] [D] [thread 28319] [5.0] [cxt 0] Egress port is 0
[21:29:58.577] [bmv2] [D] [thread 28320] [5.0] [cxt 0] Pipeline 'egress': start
[21:29:58.577] [bmv2] [D] [thread 28320] [5.0] [cxt 0] Pipeline 'egress': end
[21:29:58.577] [bmv2] [D] [thread 28320] [5.0] [cxt 0] Deparser 'deparser': start
[21:29:58.577] [bmv2] [T] [thread 28320] [5.0] [cxt 0] Skipping checksum 'cksum' update because condition not met
[21:29:58.577] [bmv2] [D] [thread 28320] [5.0] [cxt 0] Deparsing header 'ethernet'
[21:29:58.577] [bmv2] [D] [thread 28320] [5.0] [cxt 0] Deparser 'deparser': end
[21:29:58.577] [bmv2] [D] [thread 28324] [5.0] [cxt 0] Transmitting packet of size 90 out of port 0
[21:29:58.610] [bmv2] [D] [thread 28319] [6.0] [cxt 0] Processing packet received on port 2
[21:29:58.610] [bmv2] [D] [thread 28319] [6.0] [cxt 0] Parser 'parser': start
[21:29:58.610] [bmv2] [D] [thread 28319] [6.0] [cxt 0] Parser 'parser' entering state 'start'
[21:29:58.610] [bmv2] [D] [thread 28319] [6.0] [cxt 0] Extracting header 'ethernet'
[21:29:58.610] [bmv2] [D] [thread 28319] [6.0] [cxt 0] Parser state 'start': key is 86dd
[21:29:58.610] [bmv2] [T] [thread 28319] [6.0] [cxt 0] Bytes parsed: 14
[21:29:58.610] [bmv2] [D] [thread 28319] [6.0] [cxt 0] Parser 'parser': end
[21:29:58.610] [bmv2] [D] [thread 28319] [6.0] [cxt 0] Pipeline 'ingress': start
[21:29:58.610] [bmv2] [T] [thread 28319] [6.0] [cxt 0] basic.p4(190) Condition "hdr.vlan.isValid()" (node_2) is false
[21:29:58.610] [bmv2] [T] [thread 28319] [6.0] [cxt 0] basic.p4(194) Condition "hdr.ipv4.isValid() && !hdr.vlan.isValid()" (node_4) is false
[21:29:58.610] [bmv2] [D] [thread 28319] [6.0] [cxt 0] Pipeline 'ingress': end
[21:29:58.610] [bmv2] [D] [thread 28319] [6.0] [cxt 0] Egress port is 0
[21:29:58.610] [bmv2] [D] [thread 28320] [6.0] [cxt 0] Pipeline 'egress': start
[21:29:58.610] [bmv2] [D] [thread 28320] [6.0] [cxt 0] Pipeline 'egress': end
[21:29:58.610] [bmv2] [D] [thread 28320] [6.0] [cxt 0] Deparser 'deparser': start
[21:29:58.610] [bmv2] [T] [thread 28320] [6.0] [cxt 0] Skipping checksum 'cksum' update because condition not met
[21:29:58.610] [bmv2] [D] [thread 28320] [6.0] [cxt 0] Deparsing header 'ethernet'
[21:29:58.610] [bmv2] [D] [thread 28320] [6.0] [cxt 0] Deparser 'deparser': end
[21:29:58.610] [bmv2] [D] [thread 28324] [6.0] [cxt 0] Transmitting packet of size 90 out of port 0
[21:29:59.462] [bmv2] [W] [thread 28378] [P4Runtime] p4::tmp::P4DeviceConfig is deprecated
[21:29:59.463] [bmv2] [D] [thread 28378] Set default default entry for table 'MyIngress.vlan_exact': MyIngress.drop - 
[21:29:59.463] [bmv2] [D] [thread 28378] Set default default entry for table 'MyIngress.ipv4_lpm': MyIngress.drop - 
[21:29:59.463] [bmv2] [D] [thread 28378] simple_switch target has been notified of a config swap
[21:29:59.464] [bmv2] [D] [thread 28378] Set default entry for table 'MyIngress.ipv4_lpm': MyIngress.drop - 
[21:29:59.464] [bmv2] [D] [thread 28379] Set default entry for table 'MyIngress.vlan_exact': MyIngress.drop - 
[21:29:59.465] [bmv2] [D] [thread 28378] Entry 0 added to table 'MyIngress.vlan_exact'
[21:29:59.465] [bmv2] [D] [thread 28378] Dumping entry 0
Match key:
* hdr.vlan.vid        : EXACT     0003
Action entry: MyIngress.forward_tag - 80000000200,2,

[21:29:59.465] [bmv2] [D] [thread 28379] Entry 1 added to table 'MyIngress.vlan_exact'
[21:29:59.465] [bmv2] [D] [thread 28379] Dumping entry 1
Match key:
* hdr.vlan.vid        : EXACT     0004
Action entry: MyIngress.forward_tag - 80000000200,2,

[21:30:01.092] [bmv2] [D] [thread 28319] [7.0] [cxt 0] Processing packet received on port 1
[21:30:01.092] [bmv2] [D] [thread 28319] [7.0] [cxt 0] Parser 'parser': start
[21:30:01.092] [bmv2] [D] [thread 28319] [7.0] [cxt 0] Parser 'parser' entering state 'start'
[21:30:01.092] [bmv2] [D] [thread 28319] [7.0] [cxt 0] Extracting header 'ethernet'
[21:30:01.092] [bmv2] [D] [thread 28319] [7.0] [cxt 0] Parser state 'start': key is 86dd
[21:30:01.092] [bmv2] [T] [thread 28319] [7.0] [cxt 0] Bytes parsed: 14
[21:30:01.092] [bmv2] [D] [thread 28319] [7.0] [cxt 0] Parser 'parser': end
[21:30:01.092] [bmv2] [D] [thread 28319] [7.0] [cxt 0] Pipeline 'ingress': start
[21:30:01.092] [bmv2] [T] [thread 28319] [7.0] [cxt 0] basic.p4(190) Condition "hdr.vlan.isValid()" (node_2) is false
[21:30:01.092] [bmv2] [T] [thread 28319] [7.0] [cxt 0] basic.p4(194) Condition "hdr.ipv4.isValid() && !hdr.vlan.isValid()" (node_4) is false
[21:30:01.092] [bmv2] [D] [thread 28319] [7.0] [cxt 0] Pipeline 'ingress': end
[21:30:01.092] [bmv2] [D] [thread 28319] [7.0] [cxt 0] Egress port is 0
[21:30:01.092] [bmv2] [D] [thread 28319] [8.0] [cxt 0] Processing packet received on port 1
[21:30:01.092] [bmv2] [D] [thread 28319] [8.0] [cxt 0] Parser 'parser': start
[21:30:01.092] [bmv2] [D] [thread 28319] [8.0] [cxt 0] Parser 'parser' entering state 'start'
[21:30:01.092] [bmv2] [D] [thread 28319] [8.0] [cxt 0] Extracting header 'ethernet'
[21:30:01.092] [bmv2] [D] [thread 28319] [8.0] [cxt 0] Parser state 'start': key is 86dd
[21:30:01.092] [bmv2] [T] [thread 28319] [8.0] [cxt 0] Bytes parsed: 14
[21:30:01.092] [bmv2] [D] [thread 28319] [8.0] [cxt 0] Parser 'parser': end
[21:30:01.092] [bmv2] [D] [thread 28319] [8.0] [cxt 0] Pipeline 'ingress': start
[21:30:01.092] [bmv2] [T] [thread 28319] [8.0] [cxt 0] basic.p4(190) Condition "hdr.vlan.isValid()" (node_2) is false
[21:30:01.092] [bmv2] [T] [thread 28319] [8.0] [cxt 0] basic.p4(194) Condition "hdr.ipv4.isValid() && !hdr.vlan.isValid()" (node_4) is false
[21:30:01.092] [bmv2] [D] [thread 28319] [8.0] [cxt 0] Pipeline 'ingress': end
[21:30:01.092] [bmv2] [D] [thread 28319] [8.0] [cxt 0] Egress port is 0
[21:30:01.092] [bmv2] [D] [thread 28320] [7.0] [cxt 0] Pipeline 'egress': start
[21:30:01.092] [bmv2] [D] [thread 28320] [7.0] [cxt 0] Pipeline 'egress': end
[21:30:01.092] [bmv2] [D] [thread 28320] [7.0] [cxt 0] Deparser 'deparser': start
[21:30:01.092] [bmv2] [T] [thread 28320] [7.0] [cxt 0] Skipping checksum 'cksum' update because condition not met
[21:30:01.092] [bmv2] [D] [thread 28320] [7.0] [cxt 0] Deparsing header 'ethernet'
[21:30:01.092] [bmv2] [D] [thread 28320] [7.0] [cxt 0] Deparser 'deparser': end
[21:30:01.092] [bmv2] [D] [thread 28320] [8.0] [cxt 0] Pipeline 'egress': start
[21:30:01.092] [bmv2] [D] [thread 28320] [8.0] [cxt 0] Pipeline 'egress': end
[21:30:01.092] [bmv2] [D] [thread 28320] [8.0] [cxt 0] Deparser 'deparser': start
[21:30:01.092] [bmv2] [T] [thread 28320] [8.0] [cxt 0] Skipping checksum 'cksum' update because condition not met
[21:30:01.092] [bmv2] [D] [thread 28320] [8.0] [cxt 0] Deparsing header 'ethernet'
[21:30:01.092] [bmv2] [D] [thread 28320] [8.0] [cxt 0] Deparser 'deparser': end
[21:30:01.092] [bmv2] [D] [thread 28324] [7.0] [cxt 0] Transmitting packet of size 70 out of port 0
[21:30:01.092] [bmv2] [D] [thread 28324] [8.0] [cxt 0] Transmitting packet of size 70 out of port 0
[21:30:01.587] [bmv2] [D] [thread 28319] [9.0] [cxt 0] Processing packet received on port 2
[21:30:01.587] [bmv2] [D] [thread 28319] [9.0] [cxt 0] Parser 'parser': start
[21:30:01.587] [bmv2] [D] [thread 28319] [9.0] [cxt 0] Parser 'parser' entering state 'start'
[21:30:01.587] [bmv2] [D] [thread 28319] [9.0] [cxt 0] Extracting header 'ethernet'
[21:30:01.587] [bmv2] [D] [thread 28319] [9.0] [cxt 0] Parser state 'start': key is 86dd
[21:30:01.587] [bmv2] [T] [thread 28319] [9.0] [cxt 0] Bytes parsed: 14
[21:30:01.587] [bmv2] [D] [thread 28319] [9.0] [cxt 0] Parser 'parser': end
[21:30:01.587] [bmv2] [D] [thread 28319] [9.0] [cxt 0] Pipeline 'ingress': start
[21:30:01.587] [bmv2] [T] [thread 28319] [9.0] [cxt 0] basic.p4(190) Condition "hdr.vlan.isValid()" (node_2) is false
[21:30:01.587] [bmv2] [T] [thread 28319] [9.0] [cxt 0] basic.p4(194) Condition "hdr.ipv4.isValid() && !hdr.vlan.isValid()" (node_4) is false
[21:30:01.587] [bmv2] [D] [thread 28319] [9.0] [cxt 0] Pipeline 'ingress': end
[21:30:01.587] [bmv2] [D] [thread 28319] [9.0] [cxt 0] Egress port is 0
[21:30:01.587] [bmv2] [D] [thread 28320] [9.0] [cxt 0] Pipeline 'egress': start
[21:30:01.587] [bmv2] [D] [thread 28320] [9.0] [cxt 0] Pipeline 'egress': end
[21:30:01.587] [bmv2] [D] [thread 28320] [9.0] [cxt 0] Deparser 'deparser': start
[21:30:01.587] [bmv2] [T] [thread 28320] [9.0] [cxt 0] Skipping checksum 'cksum' update because condition not met
[21:30:01.587] [bmv2] [D] [thread 28320] [9.0] [cxt 0] Deparsing header 'ethernet'
[21:30:01.587] [bmv2] [D] [thread 28320] [9.0] [cxt 0] Deparser 'deparser': end
[21:30:01.587] [bmv2] [D] [thread 28324] [9.0] [cxt 0] Transmitting packet of size 70 out of port 0
[21:30:02.365] [bmv2] [D] [thread 28319] [10.0] [cxt 0] Processing packet received on port 2
[21:30:02.365] [bmv2] [D] [thread 28319] [10.0] [cxt 0] Parser 'parser': start
[21:30:02.365] [bmv2] [D] [thread 28319] [10.0] [cxt 0] Parser 'parser' entering state 'start'
[21:30:02.365] [bmv2] [D] [thread 28319] [10.0] [cxt 0] Extracting header 'ethernet'
[21:30:02.365] [bmv2] [D] [thread 28319] [10.0] [cxt 0] Parser state 'start': key is 86dd
[21:30:02.365] [bmv2] [T] [thread 28319] [10.0] [cxt 0] Bytes parsed: 14
[21:30:02.365] [bmv2] [D] [thread 28319] [10.0] [cxt 0] Parser 'parser': end
[21:30:02.365] [bmv2] [D] [thread 28319] [10.0] [cxt 0] Pipeline 'ingress': start
[21:30:02.365] [bmv2] [T] [thread 28319] [10.0] [cxt 0] basic.p4(190) Condition "hdr.vlan.isValid()" (node_2) is false
[21:30:02.365] [bmv2] [T] [thread 28319] [10.0] [cxt 0] basic.p4(194) Condition "hdr.ipv4.isValid() && !hdr.vlan.isValid()" (node_4) is false
[21:30:02.365] [bmv2] [D] [thread 28319] [10.0] [cxt 0] Pipeline 'ingress': end
[21:30:02.365] [bmv2] [D] [thread 28319] [10.0] [cxt 0] Egress port is 0
[21:30:02.365] [bmv2] [D] [thread 28320] [10.0] [cxt 0] Pipeline 'egress': start
[21:30:02.365] [bmv2] [D] [thread 28320] [10.0] [cxt 0] Pipeline 'egress': end
[21:30:02.365] [bmv2] [D] [thread 28320] [10.0] [cxt 0] Deparser 'deparser': start
[21:30:02.365] [bmv2] [T] [thread 28320] [10.0] [cxt 0] Skipping checksum 'cksum' update because condition not met
[21:30:02.365] [bmv2] [D] [thread 28320] [10.0] [cxt 0] Deparsing header 'ethernet'
[21:30:02.365] [bmv2] [D] [thread 28320] [10.0] [cxt 0] Deparser 'deparser': end
[21:30:02.365] [bmv2] [D] [thread 28324] [10.0] [cxt 0] Transmitting packet of size 70 out of port 0
[21:30:02.640] [bmv2] [D] [thread 28319] [11.0] [cxt 0] Processing packet received on port 1
[21:30:02.640] [bmv2] [D] [thread 28319] [11.0] [cxt 0] Parser 'parser': start
[21:30:02.640] [bmv2] [D] [thread 28319] [11.0] [cxt 0] Parser 'parser' entering state 'start'
[21:30:02.640] [bmv2] [D] [thread 28319] [11.0] [cxt 0] Extracting header 'ethernet'
[21:30:02.640] [bmv2] [D] [thread 28319] [11.0] [cxt 0] Parser state 'start': key is 8100
[21:30:02.640] [bmv2] [T] [thread 28319] [11.0] [cxt 0] Bytes parsed: 14
[21:30:02.640] [bmv2] [D] [thread 28319] [11.0] [cxt 0] Parser 'parser' entering state 'parse_vlan'
[21:30:02.640] [bmv2] [D] [thread 28319] [11.0] [cxt 0] Extracting header 'vlan'
[21:30:02.640] [bmv2] [D] [thread 28319] [11.0] [cxt 0] Parser state 'parse_vlan': key is 8100
[21:30:02.640] [bmv2] [T] [thread 28319] [11.0] [cxt 0] Bytes parsed: 18
[21:30:02.640] [bmv2] [D] [thread 28319] [11.0] [cxt 0] Parser 'parser': end
[21:30:02.640] [bmv2] [D] [thread 28319] [11.0] [cxt 0] Pipeline 'ingress': start
[21:30:02.640] [bmv2] [T] [thread 28319] [11.0] [cxt 0] basic.p4(190) Condition "hdr.vlan.isValid()" (node_2) is true
[21:30:02.640] [bmv2] [T] [thread 28319] [11.0] [cxt 0] Applying table 'MyIngress.vlan_exact'
[21:30:02.640] [bmv2] [D] [thread 28319] [11.0] [cxt 0] Looking up key:
* hdr.vlan.vid        : 0003

[21:30:02.640] [bmv2] [D] [thread 28319] [11.0] [cxt 0] Table 'MyIngress.vlan_exact': hit with handle 0
[21:30:02.640] [bmv2] [D] [thread 28319] [11.0] [cxt 0] Dumping entry 0
Match key:
* hdr.vlan.vid        : EXACT     0003
Action entry: MyIngress.forward_tag - 80000000200,2,

[21:30:02.640] [bmv2] [D] [thread 28319] [11.0] [cxt 0] Action entry is MyIngress.forward_tag - 80000000200,2,
[21:30:02.640] [bmv2] [T] [thread 28319] [11.0] [cxt 0] Action MyIngress.forward_tag
[21:30:02.640] [bmv2] [T] [thread 28319] [11.0] [cxt 0] basic.p4(161) Primitive hdr.ethernet.srcAddr = hdr.ethernet.dstAddr
[21:30:02.640] [bmv2] [T] [thread 28319] [11.0] [cxt 0] basic.p4(162) Primitive hdr.ethernet.dstAddr = dstAddr
[21:30:02.640] [bmv2] [T] [thread 28319] [11.0] [cxt 0] basic.p4(163) Primitive standard_metadata.egress_spec = port
[21:30:02.640] [bmv2] [T] [thread 28319] [11.0] [cxt 0] basic.p4(164) Primitive hdr.ipv4.ttl = hdr.ipv4.ttl - 1
[21:30:02.640] [bmv2] [T] [thread 28319] [11.0] [cxt 0] basic.p4(194) Condition "hdr.ipv4.isValid() && !hdr.vlan.isValid()" (node_4) is false
[21:30:02.640] [bmv2] [D] [thread 28319] [11.0] [cxt 0] Pipeline 'ingress': end
[21:30:02.640] [bmv2] [D] [thread 28319] [11.0] [cxt 0] Egress port is 2
[21:30:02.640] [bmv2] [D] [thread 28322] [11.0] [cxt 0] Pipeline 'egress': start
[21:30:02.640] [bmv2] [D] [thread 28322] [11.0] [cxt 0] Pipeline 'egress': end
[21:30:02.640] [bmv2] [D] [thread 28322] [11.0] [cxt 0] Deparser 'deparser': start
[21:30:02.640] [bmv2] [T] [thread 28322] [11.0] [cxt 0] Skipping checksum 'cksum' update because condition not met
[21:30:02.640] [bmv2] [D] [thread 28322] [11.0] [cxt 0] Deparsing header 'ethernet'
[21:30:02.640] [bmv2] [D] [thread 28322] [11.0] [cxt 0] Deparsing header 'vlan'
[21:30:02.640] [bmv2] [D] [thread 28322] [11.0] [cxt 0] Deparser 'deparser': end
[21:30:02.640] [bmv2] [D] [thread 28324] [11.0] [cxt 0] Transmitting packet of size 102 out of port 2
[21:30:02.642] [bmv2] [D] [thread 28319] [12.0] [cxt 0] Processing packet received on port 1
[21:30:02.642] [bmv2] [D] [thread 28319] [12.0] [cxt 0] Parser 'parser': start
[21:30:02.642] [bmv2] [D] [thread 28319] [12.0] [cxt 0] Parser 'parser' entering state 'start'
[21:30:02.642] [bmv2] [D] [thread 28319] [12.0] [cxt 0] Extracting header 'ethernet'
[21:30:02.642] [bmv2] [D] [thread 28319] [12.0] [cxt 0] Parser state 'start': key is 8100
[21:30:02.642] [bmv2] [T] [thread 28319] [12.0] [cxt 0] Bytes parsed: 14
[21:30:02.642] [bmv2] [D] [thread 28319] [12.0] [cxt 0] Parser 'parser' entering state 'parse_vlan'
[21:30:02.642] [bmv2] [D] [thread 28319] [12.0] [cxt 0] Extracting header 'vlan'
[21:30:02.642] [bmv2] [D] [thread 28319] [12.0] [cxt 0] Parser state 'parse_vlan': key is 8100
[21:30:02.642] [bmv2] [T] [thread 28319] [12.0] [cxt 0] Bytes parsed: 18
[21:30:02.642] [bmv2] [D] [thread 28319] [12.0] [cxt 0] Parser 'parser': end
[21:30:02.642] [bmv2] [D] [thread 28319] [12.0] [cxt 0] Pipeline 'ingress': start
[21:30:02.642] [bmv2] [T] [thread 28319] [12.0] [cxt 0] basic.p4(190) Condition "hdr.vlan.isValid()" (node_2) is true
[21:30:02.642] [bmv2] [T] [thread 28319] [12.0] [cxt 0] Applying table 'MyIngress.vlan_exact'
[21:30:02.642] [bmv2] [D] [thread 28319] [12.0] [cxt 0] Looking up key:
* hdr.vlan.vid        : 0004

[21:30:02.642] [bmv2] [D] [thread 28319] [12.0] [cxt 0] Table 'MyIngress.vlan_exact': hit with handle 1
[21:30:02.642] [bmv2] [D] [thread 28319] [12.0] [cxt 0] Dumping entry 1
Match key:
* hdr.vlan.vid        : EXACT     0004
Action entry: MyIngress.forward_tag - 80000000200,2,

[21:30:02.643] [bmv2] [D] [thread 28319] [12.0] [cxt 0] Action entry is MyIngress.forward_tag - 80000000200,2,
[21:30:02.643] [bmv2] [T] [thread 28319] [12.0] [cxt 0] Action MyIngress.forward_tag
[21:30:02.643] [bmv2] [T] [thread 28319] [12.0] [cxt 0] basic.p4(161) Primitive hdr.ethernet.srcAddr = hdr.ethernet.dstAddr
[21:30:02.643] [bmv2] [T] [thread 28319] [12.0] [cxt 0] basic.p4(162) Primitive hdr.ethernet.dstAddr = dstAddr
[21:30:02.643] [bmv2] [T] [thread 28319] [12.0] [cxt 0] basic.p4(163) Primitive standard_metadata.egress_spec = port
[21:30:02.643] [bmv2] [T] [thread 28319] [12.0] [cxt 0] basic.p4(164) Primitive hdr.ipv4.ttl = hdr.ipv4.ttl - 1
[21:30:02.643] [bmv2] [T] [thread 28319] [12.0] [cxt 0] basic.p4(194) Condition "hdr.ipv4.isValid() && !hdr.vlan.isValid()" (node_4) is false
[21:30:02.643] [bmv2] [D] [thread 28319] [12.0] [cxt 0] Pipeline 'ingress': end
[21:30:02.643] [bmv2] [D] [thread 28319] [12.0] [cxt 0] Egress port is 2
[21:30:02.643] [bmv2] [D] [thread 28322] [12.0] [cxt 0] Pipeline 'egress': start
[21:30:02.643] [bmv2] [D] [thread 28322] [12.0] [cxt 0] Pipeline 'egress': end
[21:30:02.643] [bmv2] [D] [thread 28322] [12.0] [cxt 0] Deparser 'deparser': start
[21:30:02.643] [bmv2] [T] [thread 28322] [12.0] [cxt 0] Skipping checksum 'cksum' update because condition not met
[21:30:02.643] [bmv2] [D] [thread 28322] [12.0] [cxt 0] Deparsing header 'ethernet'
[21:30:02.643] [bmv2] [D] [thread 28322] [12.0] [cxt 0] Deparsing header 'vlan'
[21:30:02.643] [bmv2] [D] [thread 28322] [12.0] [cxt 0] Deparser 'deparser': end
[21:30:02.643] [bmv2] [D] [thread 28324] [12.0] [cxt 0] Transmitting packet of size 102 out of port 2
[21:30:02.646] [bmv2] [D] [thread 28319] [13.0] [cxt 0] Processing packet received on port 1
[21:30:02.646] [bmv2] [D] [thread 28319] [13.0] [cxt 0] Parser 'parser': start
[21:30:02.646] [bmv2] [D] [thread 28319] [13.0] [cxt 0] Parser 'parser' entering state 'start'
[21:30:02.646] [bmv2] [D] [thread 28319] [13.0] [cxt 0] Extracting header 'ethernet'
[21:30:02.646] [bmv2] [D] [thread 28319] [13.0] [cxt 0] Parser state 'start': key is 8100
[21:30:02.646] [bmv2] [T] [thread 28319] [13.0] [cxt 0] Bytes parsed: 14
[21:30:02.646] [bmv2] [D] [thread 28319] [13.0] [cxt 0] Parser 'parser' entering state 'parse_vlan'
[21:30:02.646] [bmv2] [D] [thread 28319] [13.0] [cxt 0] Extracting header 'vlan'
[21:30:02.646] [bmv2] [D] [thread 28319] [13.0] [cxt 0] Parser state 'parse_vlan': key is 8100
[21:30:02.646] [bmv2] [T] [thread 28319] [13.0] [cxt 0] Bytes parsed: 18
[21:30:02.646] [bmv2] [D] [thread 28319] [13.0] [cxt 0] Parser 'parser': end
[21:30:02.646] [bmv2] [D] [thread 28319] [13.0] [cxt 0] Pipeline 'ingress': start
[21:30:02.646] [bmv2] [T] [thread 28319] [13.0] [cxt 0] basic.p4(190) Condition "hdr.vlan.isValid()" (node_2) is true
[21:30:02.646] [bmv2] [T] [thread 28319] [13.0] [cxt 0] Applying table 'MyIngress.vlan_exact'
[21:30:02.646] [bmv2] [D] [thread 28319] [13.0] [cxt 0] Looking up key:
* hdr.vlan.vid        : 0003

[21:30:02.646] [bmv2] [D] [thread 28319] [13.0] [cxt 0] Table 'MyIngress.vlan_exact': hit with handle 0
[21:30:02.646] [bmv2] [D] [thread 28319] [13.0] [cxt 0] Dumping entry 0
Match key:
* hdr.vlan.vid        : EXACT     0003
Action entry: MyIngress.forward_tag - 80000000200,2,

[21:30:02.646] [bmv2] [D] [thread 28319] [13.0] [cxt 0] Action entry is MyIngress.forward_tag - 80000000200,2,
[21:30:02.646] [bmv2] [T] [thread 28319] [13.0] [cxt 0] Action MyIngress.forward_tag
[21:30:02.646] [bmv2] [T] [thread 28319] [13.0] [cxt 0] basic.p4(161) Primitive hdr.ethernet.srcAddr = hdr.ethernet.dstAddr
[21:30:02.646] [bmv2] [T] [thread 28319] [13.0] [cxt 0] basic.p4(162) Primitive hdr.ethernet.dstAddr = dstAddr
[21:30:02.646] [bmv2] [T] [thread 28319] [13.0] [cxt 0] basic.p4(163) Primitive standard_metadata.egress_spec = port
[21:30:02.646] [bmv2] [T] [thread 28319] [13.0] [cxt 0] basic.p4(164) Primitive hdr.ipv4.ttl = hdr.ipv4.ttl - 1
[21:30:02.646] [bmv2] [T] [thread 28319] [13.0] [cxt 0] basic.p4(194) Condition "hdr.ipv4.isValid() && !hdr.vlan.isValid()" (node_4) is false
[21:30:02.646] [bmv2] [D] [thread 28319] [13.0] [cxt 0] Pipeline 'ingress': end
[21:30:02.646] [bmv2] [D] [thread 28319] [13.0] [cxt 0] Egress port is 2
[21:30:02.646] [bmv2] [D] [thread 28322] [13.0] [cxt 0] Pipeline 'egress': start
[21:30:02.646] [bmv2] [D] [thread 28322] [13.0] [cxt 0] Pipeline 'egress': end
[21:30:02.646] [bmv2] [D] [thread 28322] [13.0] [cxt 0] Deparser 'deparser': start
[21:30:02.646] [bmv2] [T] [thread 28322] [13.0] [cxt 0] Skipping checksum 'cksum' update because condition not met
[21:30:02.646] [bmv2] [D] [thread 28322] [13.0] [cxt 0] Deparsing header 'ethernet'
[21:30:02.646] [bmv2] [D] [thread 28322] [13.0] [cxt 0] Deparsing header 'vlan'
[21:30:02.646] [bmv2] [D] [thread 28322] [13.0] [cxt 0] Deparser 'deparser': end
[21:30:02.646] [bmv2] [D] [thread 28324] [13.0] [cxt 0] Transmitting packet of size 102 out of port 2
[21:30:02.648] [bmv2] [D] [thread 28319] [14.0] [cxt 0] Processing packet received on port 1
[21:30:02.648] [bmv2] [D] [thread 28319] [14.0] [cxt 0] Parser 'parser': start
[21:30:02.648] [bmv2] [D] [thread 28319] [14.0] [cxt 0] Parser 'parser' entering state 'start'
[21:30:02.648] [bmv2] [D] [thread 28319] [14.0] [cxt 0] Extracting header 'ethernet'
[21:30:02.648] [bmv2] [D] [thread 28319] [14.0] [cxt 0] Parser state 'start': key is 8100
[21:30:02.648] [bmv2] [T] [thread 28319] [14.0] [cxt 0] Bytes parsed: 14
[21:30:02.648] [bmv2] [D] [thread 28319] [14.0] [cxt 0] Parser 'parser' entering state 'parse_vlan'
[21:30:02.648] [bmv2] [D] [thread 28319] [14.0] [cxt 0] Extracting header 'vlan'
[21:30:02.648] [bmv2] [D] [thread 28319] [14.0] [cxt 0] Parser state 'parse_vlan': key is 8100
[21:30:02.648] [bmv2] [T] [thread 28319] [14.0] [cxt 0] Bytes parsed: 18
[21:30:02.648] [bmv2] [D] [thread 28319] [14.0] [cxt 0] Parser 'parser': end
[21:30:02.648] [bmv2] [D] [thread 28319] [14.0] [cxt 0] Pipeline 'ingress': start
[21:30:02.648] [bmv2] [T] [thread 28319] [14.0] [cxt 0] basic.p4(190) Condition "hdr.vlan.isValid()" (node_2) is true
[21:30:02.648] [bmv2] [T] [thread 28319] [14.0] [cxt 0] Applying table 'MyIngress.vlan_exact'
[21:30:02.648] [bmv2] [D] [thread 28319] [14.0] [cxt 0] Looking up key:
* hdr.vlan.vid        : 0004

[21:30:02.648] [bmv2] [D] [thread 28319] [14.0] [cxt 0] Table 'MyIngress.vlan_exact': hit with handle 1
[21:30:02.648] [bmv2] [D] [thread 28319] [14.0] [cxt 0] Dumping entry 1
Match key:
* hdr.vlan.vid        : EXACT     0004
Action entry: MyIngress.forward_tag - 80000000200,2,

[21:30:02.648] [bmv2] [D] [thread 28319] [14.0] [cxt 0] Action entry is MyIngress.forward_tag - 80000000200,2,
[21:30:02.649] [bmv2] [T] [thread 28319] [14.0] [cxt 0] Action MyIngress.forward_tag
[21:30:02.649] [bmv2] [T] [thread 28319] [14.0] [cxt 0] basic.p4(161) Primitive hdr.ethernet.srcAddr = hdr.ethernet.dstAddr
[21:30:02.649] [bmv2] [T] [thread 28319] [14.0] [cxt 0] basic.p4(162) Primitive hdr.ethernet.dstAddr = dstAddr
[21:30:02.649] [bmv2] [T] [thread 28319] [14.0] [cxt 0] basic.p4(163) Primitive standard_metadata.egress_spec = port
[21:30:02.649] [bmv2] [T] [thread 28319] [14.0] [cxt 0] basic.p4(164) Primitive hdr.ipv4.ttl = hdr.ipv4.ttl - 1
[21:30:02.649] [bmv2] [T] [thread 28319] [14.0] [cxt 0] basic.p4(194) Condition "hdr.ipv4.isValid() && !hdr.vlan.isValid()" (node_4) is false
[21:30:02.649] [bmv2] [D] [thread 28319] [14.0] [cxt 0] Pipeline 'ingress': end
[21:30:02.649] [bmv2] [D] [thread 28319] [14.0] [cxt 0] Egress port is 2
[21:30:02.649] [bmv2] [D] [thread 28322] [14.0] [cxt 0] Pipeline 'egress': start
[21:30:02.649] [bmv2] [D] [thread 28322] [14.0] [cxt 0] Pipeline 'egress': end
[21:30:02.649] [bmv2] [D] [thread 28322] [14.0] [cxt 0] Deparser 'deparser': start
[21:30:02.649] [bmv2] [T] [thread 28322] [14.0] [cxt 0] Skipping checksum 'cksum' update because condition not met
[21:30:02.649] [bmv2] [D] [thread 28322] [14.0] [cxt 0] Deparsing header 'ethernet'
[21:30:02.649] [bmv2] [D] [thread 28322] [14.0] [cxt 0] Deparsing header 'vlan'
[21:30:02.649] [bmv2] [D] [thread 28322] [14.0] [cxt 0] Deparser 'deparser': end
[21:30:02.649] [bmv2] [D] [thread 28324] [14.0] [cxt 0] Transmitting packet of size 102 out of port 2
[21:30:02.651] [bmv2] [D] [thread 28319] [15.0] [cxt 0] Processing packet received on port 1
[21:30:02.651] [bmv2] [D] [thread 28319] [15.0] [cxt 0] Parser 'parser': start
[21:30:02.651] [bmv2] [D] [thread 28319] [15.0] [cxt 0] Parser 'parser' entering state 'start'
[21:30:02.651] [bmv2] [D] [thread 28319] [15.0] [cxt 0] Extracting header 'ethernet'
[21:30:02.651] [bmv2] [D] [thread 28319] [15.0] [cxt 0] Parser state 'start': key is 8100
[21:30:02.651] [bmv2] [T] [thread 28319] [15.0] [cxt 0] Bytes parsed: 14
[21:30:02.651] [bmv2] [D] [thread 28319] [15.0] [cxt 0] Parser 'parser' entering state 'parse_vlan'
[21:30:02.651] [bmv2] [D] [thread 28319] [15.0] [cxt 0] Extracting header 'vlan'
[21:30:02.651] [bmv2] [D] [thread 28319] [15.0] [cxt 0] Parser state 'parse_vlan': key is 8100
[21:30:02.651] [bmv2] [T] [thread 28319] [15.0] [cxt 0] Bytes parsed: 18
[21:30:02.651] [bmv2] [D] [thread 28319] [15.0] [cxt 0] Parser 'parser': end
[21:30:02.651] [bmv2] [D] [thread 28319] [15.0] [cxt 0] Pipeline 'ingress': start
[21:30:02.651] [bmv2] [T] [thread 28319] [15.0] [cxt 0] basic.p4(190) Condition "hdr.vlan.isValid()" (node_2) is true
[21:30:02.651] [bmv2] [T] [thread 28319] [15.0] [cxt 0] Applying table 'MyIngress.vlan_exact'
[21:30:02.651] [bmv2] [D] [thread 28319] [15.0] [cxt 0] Looking up key:
* hdr.vlan.vid        : 0003

[21:30:02.651] [bmv2] [D] [thread 28319] [15.0] [cxt 0] Table 'MyIngress.vlan_exact': hit with handle 0
[21:30:02.651] [bmv2] [D] [thread 28319] [15.0] [cxt 0] Dumping entry 0
Match key:
* hdr.vlan.vid        : EXACT     0003
Action entry: MyIngress.forward_tag - 80000000200,2,

[21:30:02.651] [bmv2] [D] [thread 28319] [15.0] [cxt 0] Action entry is MyIngress.forward_tag - 80000000200,2,
[21:30:02.651] [bmv2] [T] [thread 28319] [15.0] [cxt 0] Action MyIngress.forward_tag
[21:30:02.651] [bmv2] [T] [thread 28319] [15.0] [cxt 0] basic.p4(161) Primitive hdr.ethernet.srcAddr = hdr.ethernet.dstAddr
[21:30:02.651] [bmv2] [T] [thread 28319] [15.0] [cxt 0] basic.p4(162) Primitive hdr.ethernet.dstAddr = dstAddr
[21:30:02.651] [bmv2] [T] [thread 28319] [15.0] [cxt 0] basic.p4(163) Primitive standard_metadata.egress_spec = port
[21:30:02.651] [bmv2] [T] [thread 28319] [15.0] [cxt 0] basic.p4(164) Primitive hdr.ipv4.ttl = hdr.ipv4.ttl - 1
[21:30:02.651] [bmv2] [T] [thread 28319] [15.0] [cxt 0] basic.p4(194) Condition "hdr.ipv4.isValid() && !hdr.vlan.isValid()" (node_4) is false
[21:30:02.651] [bmv2] [D] [thread 28319] [15.0] [cxt 0] Pipeline 'ingress': end
[21:30:02.651] [bmv2] [D] [thread 28319] [15.0] [cxt 0] Egress port is 2
[21:30:02.651] [bmv2] [D] [thread 28322] [15.0] [cxt 0] Pipeline 'egress': start
[21:30:02.651] [bmv2] [D] [thread 28322] [15.0] [cxt 0] Pipeline 'egress': end
[21:30:02.651] [bmv2] [D] [thread 28322] [15.0] [cxt 0] Deparser 'deparser': start
[21:30:02.651] [bmv2] [T] [thread 28322] [15.0] [cxt 0] Skipping checksum 'cksum' update because condition not met
[21:30:02.651] [bmv2] [D] [thread 28322] [15.0] [cxt 0] Deparsing header 'ethernet'
[21:30:02.651] [bmv2] [D] [thread 28322] [15.0] [cxt 0] Deparsing header 'vlan'
[21:30:02.651] [bmv2] [D] [thread 28322] [15.0] [cxt 0] Deparser 'deparser': end
[21:30:02.651] [bmv2] [D] [thread 28324] [15.0] [cxt 0] Transmitting packet of size 102 out of port 2
[21:30:02.653] [bmv2] [D] [thread 28319] [16.0] [cxt 0] Processing packet received on port 1
[21:30:02.653] [bmv2] [D] [thread 28319] [16.0] [cxt 0] Parser 'parser': start
[21:30:02.653] [bmv2] [D] [thread 28319] [16.0] [cxt 0] Parser 'parser' entering state 'start'
[21:30:02.653] [bmv2] [D] [thread 28319] [16.0] [cxt 0] Extracting header 'ethernet'
[21:30:02.653] [bmv2] [D] [thread 28319] [16.0] [cxt 0] Parser state 'start': key is 8100
[21:30:02.653] [bmv2] [T] [thread 28319] [16.0] [cxt 0] Bytes parsed: 14
[21:30:02.653] [bmv2] [D] [thread 28319] [16.0] [cxt 0] Parser 'parser' entering state 'parse_vlan'
[21:30:02.653] [bmv2] [D] [thread 28319] [16.0] [cxt 0] Extracting header 'vlan'
[21:30:02.653] [bmv2] [D] [thread 28319] [16.0] [cxt 0] Parser state 'parse_vlan': key is 8100
[21:30:02.653] [bmv2] [T] [thread 28319] [16.0] [cxt 0] Bytes parsed: 18
[21:30:02.653] [bmv2] [D] [thread 28319] [16.0] [cxt 0] Parser 'parser': end
[21:30:02.653] [bmv2] [D] [thread 28319] [16.0] [cxt 0] Pipeline 'ingress': start
[21:30:02.653] [bmv2] [T] [thread 28319] [16.0] [cxt 0] basic.p4(190) Condition "hdr.vlan.isValid()" (node_2) is true
[21:30:02.653] [bmv2] [T] [thread 28319] [16.0] [cxt 0] Applying table 'MyIngress.vlan_exact'
[21:30:02.653] [bmv2] [D] [thread 28319] [16.0] [cxt 0] Looking up key:
* hdr.vlan.vid        : 0003

[21:30:02.653] [bmv2] [D] [thread 28319] [16.0] [cxt 0] Table 'MyIngress.vlan_exact': hit with handle 0
[21:30:02.653] [bmv2] [D] [thread 28319] [16.0] [cxt 0] Dumping entry 0
Match key:
* hdr.vlan.vid        : EXACT     0003
Action entry: MyIngress.forward_tag - 80000000200,2,

[21:30:02.653] [bmv2] [D] [thread 28319] [16.0] [cxt 0] Action entry is MyIngress.forward_tag - 80000000200,2,
[21:30:02.653] [bmv2] [T] [thread 28319] [16.0] [cxt 0] Action MyIngress.forward_tag
[21:30:02.653] [bmv2] [T] [thread 28319] [16.0] [cxt 0] basic.p4(161) Primitive hdr.ethernet.srcAddr = hdr.ethernet.dstAddr
[21:30:02.653] [bmv2] [T] [thread 28319] [16.0] [cxt 0] basic.p4(162) Primitive hdr.ethernet.dstAddr = dstAddr
[21:30:02.653] [bmv2] [T] [thread 28319] [16.0] [cxt 0] basic.p4(163) Primitive standard_metadata.egress_spec = port
[21:30:02.653] [bmv2] [T] [thread 28319] [16.0] [cxt 0] basic.p4(164) Primitive hdr.ipv4.ttl = hdr.ipv4.ttl - 1
[21:30:02.653] [bmv2] [T] [thread 28319] [16.0] [cxt 0] basic.p4(194) Condition "hdr.ipv4.isValid() && !hdr.vlan.isValid()" (node_4) is false
[21:30:02.653] [bmv2] [D] [thread 28319] [16.0] [cxt 0] Pipeline 'ingress': end
[21:30:02.653] [bmv2] [D] [thread 28319] [16.0] [cxt 0] Egress port is 2
[21:30:02.653] [bmv2] [D] [thread 28322] [16.0] [cxt 0] Pipeline 'egress': start
[21:30:02.653] [bmv2] [D] [thread 28322] [16.0] [cxt 0] Pipeline 'egress': end
[21:30:02.653] [bmv2] [D] [thread 28322] [16.0] [cxt 0] Deparser 'deparser': start
[21:30:02.653] [bmv2] [T] [thread 28322] [16.0] [cxt 0] Skipping checksum 'cksum' update because condition not met
[21:30:02.653] [bmv2] [D] [thread 28322] [16.0] [cxt 0] Deparsing header 'ethernet'
[21:30:02.653] [bmv2] [D] [thread 28322] [16.0] [cxt 0] Deparsing header 'vlan'
[21:30:02.653] [bmv2] [D] [thread 28322] [16.0] [cxt 0] Deparser 'deparser': end
[21:30:02.653] [bmv2] [D] [thread 28324] [16.0] [cxt 0] Transmitting packet of size 102 out of port 2
[21:30:02.656] [bmv2] [D] [thread 28319] [17.0] [cxt 0] Processing packet received on port 1
[21:30:02.656] [bmv2] [D] [thread 28319] [17.0] [cxt 0] Parser 'parser': start
[21:30:02.656] [bmv2] [D] [thread 28319] [17.0] [cxt 0] Parser 'parser' entering state 'start'
[21:30:02.656] [bmv2] [D] [thread 28319] [17.0] [cxt 0] Extracting header 'ethernet'
[21:30:02.656] [bmv2] [D] [thread 28319] [17.0] [cxt 0] Parser state 'start': key is 8100
[21:30:02.656] [bmv2] [T] [thread 28319] [17.0] [cxt 0] Bytes parsed: 14
[21:30:02.656] [bmv2] [D] [thread 28319] [17.0] [cxt 0] Parser 'parser' entering state 'parse_vlan'
[21:30:02.656] [bmv2] [D] [thread 28319] [17.0] [cxt 0] Extracting header 'vlan'
[21:30:02.656] [bmv2] [D] [thread 28319] [17.0] [cxt 0] Parser state 'parse_vlan': key is 8100
[21:30:02.656] [bmv2] [T] [thread 28319] [17.0] [cxt 0] Bytes parsed: 18
[21:30:02.656] [bmv2] [D] [thread 28319] [17.0] [cxt 0] Parser 'parser': end
[21:30:02.656] [bmv2] [D] [thread 28319] [17.0] [cxt 0] Pipeline 'ingress': start
[21:30:02.656] [bmv2] [T] [thread 28319] [17.0] [cxt 0] basic.p4(190) Condition "hdr.vlan.isValid()" (node_2) is true
[21:30:02.656] [bmv2] [T] [thread 28319] [17.0] [cxt 0] Applying table 'MyIngress.vlan_exact'
[21:30:02.657] [bmv2] [D] [thread 28319] [17.0] [cxt 0] Looking up key:
* hdr.vlan.vid        : 0004

[21:30:02.657] [bmv2] [D] [thread 28319] [17.0] [cxt 0] Table 'MyIngress.vlan_exact': hit with handle 1
[21:30:02.657] [bmv2] [D] [thread 28319] [17.0] [cxt 0] Dumping entry 1
Match key:
* hdr.vlan.vid        : EXACT     0004
Action entry: MyIngress.forward_tag - 80000000200,2,

[21:30:02.657] [bmv2] [D] [thread 28319] [17.0] [cxt 0] Action entry is MyIngress.forward_tag - 80000000200,2,
[21:30:02.657] [bmv2] [T] [thread 28319] [17.0] [cxt 0] Action MyIngress.forward_tag
[21:30:02.657] [bmv2] [T] [thread 28319] [17.0] [cxt 0] basic.p4(161) Primitive hdr.ethernet.srcAddr = hdr.ethernet.dstAddr
[21:30:02.657] [bmv2] [T] [thread 28319] [17.0] [cxt 0] basic.p4(162) Primitive hdr.ethernet.dstAddr = dstAddr
[21:30:02.657] [bmv2] [T] [thread 28319] [17.0] [cxt 0] basic.p4(163) Primitive standard_metadata.egress_spec = port
[21:30:02.657] [bmv2] [T] [thread 28319] [17.0] [cxt 0] basic.p4(164) Primitive hdr.ipv4.ttl = hdr.ipv4.ttl - 1
[21:30:02.657] [bmv2] [T] [thread 28319] [17.0] [cxt 0] basic.p4(194) Condition "hdr.ipv4.isValid() && !hdr.vlan.isValid()" (node_4) is false
[21:30:02.657] [bmv2] [D] [thread 28319] [17.0] [cxt 0] Pipeline 'ingress': end
[21:30:02.657] [bmv2] [D] [thread 28319] [17.0] [cxt 0] Egress port is 2
[21:30:02.657] [bmv2] [D] [thread 28322] [17.0] [cxt 0] Pipeline 'egress': start
[21:30:02.657] [bmv2] [D] [thread 28322] [17.0] [cxt 0] Pipeline 'egress': end
[21:30:02.657] [bmv2] [D] [thread 28322] [17.0] [cxt 0] Deparser 'deparser': start
[21:30:02.657] [bmv2] [T] [thread 28322] [17.0] [cxt 0] Skipping checksum 'cksum' update because condition not met
[21:30:02.657] [bmv2] [D] [thread 28322] [17.0] [cxt 0] Deparsing header 'ethernet'
[21:30:02.657] [bmv2] [D] [thread 28322] [17.0] [cxt 0] Deparsing header 'vlan'
[21:30:02.657] [bmv2] [D] [thread 28322] [17.0] [cxt 0] Deparser 'deparser': end
[21:30:02.657] [bmv2] [D] [thread 28324] [17.0] [cxt 0] Transmitting packet of size 102 out of port 2
[21:30:02.658] [bmv2] [D] [thread 28319] [18.0] [cxt 0] Processing packet received on port 1
[21:30:02.658] [bmv2] [D] [thread 28319] [18.0] [cxt 0] Parser 'parser': start
[21:30:02.658] [bmv2] [D] [thread 28319] [18.0] [cxt 0] Parser 'parser' entering state 'start'
[21:30:02.658] [bmv2] [D] [thread 28319] [18.0] [cxt 0] Extracting header 'ethernet'
[21:30:02.658] [bmv2] [D] [thread 28319] [18.0] [cxt 0] Parser state 'start': key is 8100
[21:30:02.658] [bmv2] [T] [thread 28319] [18.0] [cxt 0] Bytes parsed: 14
[21:30:02.658] [bmv2] [D] [thread 28319] [18.0] [cxt 0] Parser 'parser' entering state 'parse_vlan'
[21:30:02.658] [bmv2] [D] [thread 28319] [18.0] [cxt 0] Extracting header 'vlan'
[21:30:02.658] [bmv2] [D] [thread 28319] [18.0] [cxt 0] Parser state 'parse_vlan': key is 8100
[21:30:02.658] [bmv2] [T] [thread 28319] [18.0] [cxt 0] Bytes parsed: 18
[21:30:02.658] [bmv2] [D] [thread 28319] [18.0] [cxt 0] Parser 'parser': end
[21:30:02.658] [bmv2] [D] [thread 28319] [18.0] [cxt 0] Pipeline 'ingress': start
[21:30:02.658] [bmv2] [T] [thread 28319] [18.0] [cxt 0] basic.p4(190) Condition "hdr.vlan.isValid()" (node_2) is true
[21:30:02.658] [bmv2] [T] [thread 28319] [18.0] [cxt 0] Applying table 'MyIngress.vlan_exact'
[21:30:02.658] [bmv2] [D] [thread 28319] [18.0] [cxt 0] Looking up key:
* hdr.vlan.vid        : 0004

[21:30:02.658] [bmv2] [D] [thread 28319] [18.0] [cxt 0] Table 'MyIngress.vlan_exact': hit with handle 1
[21:30:02.658] [bmv2] [D] [thread 28319] [18.0] [cxt 0] Dumping entry 1
Match key:
* hdr.vlan.vid        : EXACT     0004
Action entry: MyIngress.forward_tag - 80000000200,2,

[21:30:02.658] [bmv2] [D] [thread 28319] [18.0] [cxt 0] Action entry is MyIngress.forward_tag - 80000000200,2,
[21:30:02.658] [bmv2] [T] [thread 28319] [18.0] [cxt 0] Action MyIngress.forward_tag
[21:30:02.658] [bmv2] [T] [thread 28319] [18.0] [cxt 0] basic.p4(161) Primitive hdr.ethernet.srcAddr = hdr.ethernet.dstAddr
[21:30:02.658] [bmv2] [T] [thread 28319] [18.0] [cxt 0] basic.p4(162) Primitive hdr.ethernet.dstAddr = dstAddr
[21:30:02.658] [bmv2] [T] [thread 28319] [18.0] [cxt 0] basic.p4(163) Primitive standard_metadata.egress_spec = port
[21:30:02.658] [bmv2] [T] [thread 28319] [18.0] [cxt 0] basic.p4(164) Primitive hdr.ipv4.ttl = hdr.ipv4.ttl - 1
[21:30:02.658] [bmv2] [T] [thread 28319] [18.0] [cxt 0] basic.p4(194) Condition "hdr.ipv4.isValid() && !hdr.vlan.isValid()" (node_4) is false
[21:30:02.658] [bmv2] [D] [thread 28319] [18.0] [cxt 0] Pipeline 'ingress': end
[21:30:02.658] [bmv2] [D] [thread 28319] [18.0] [cxt 0] Egress port is 2
[21:30:02.659] [bmv2] [D] [thread 28322] [18.0] [cxt 0] Pipeline 'egress': start
[21:30:02.659] [bmv2] [D] [thread 28322] [18.0] [cxt 0] Pipeline 'egress': end
[21:30:02.659] [bmv2] [D] [thread 28322] [18.0] [cxt 0] Deparser 'deparser': start
[21:30:02.659] [bmv2] [T] [thread 28322] [18.0] [cxt 0] Skipping checksum 'cksum' update because condition not met
[21:30:02.659] [bmv2] [D] [thread 28322] [18.0] [cxt 0] Deparsing header 'ethernet'
[21:30:02.659] [bmv2] [D] [thread 28322] [18.0] [cxt 0] Deparsing header 'vlan'
[21:30:02.659] [bmv2] [D] [thread 28322] [18.0] [cxt 0] Deparser 'deparser': end
[21:30:02.659] [bmv2] [D] [thread 28324] [18.0] [cxt 0] Transmitting packet of size 102 out of port 2
[21:30:08.506] [bmv2] [D] [thread 28319] [19.0] [cxt 0] Processing packet received on port 1
[21:30:08.506] [bmv2] [D] [thread 28319] [19.0] [cxt 0] Parser 'parser': start
[21:30:08.506] [bmv2] [D] [thread 28319] [19.0] [cxt 0] Parser 'parser' entering state 'start'
[21:30:08.506] [bmv2] [D] [thread 28319] [19.0] [cxt 0] Extracting header 'ethernet'
[21:30:08.506] [bmv2] [D] [thread 28319] [19.0] [cxt 0] Parser state 'start': key is 86dd
[21:30:08.506] [bmv2] [T] [thread 28319] [19.0] [cxt 0] Bytes parsed: 14
[21:30:08.506] [bmv2] [D] [thread 28319] [19.0] [cxt 0] Parser 'parser': end
[21:30:08.506] [bmv2] [D] [thread 28319] [19.0] [cxt 0] Pipeline 'ingress': start
[21:30:08.506] [bmv2] [T] [thread 28319] [19.0] [cxt 0] basic.p4(190) Condition "hdr.vlan.isValid()" (node_2) is false
[21:30:08.506] [bmv2] [T] [thread 28319] [19.0] [cxt 0] basic.p4(194) Condition "hdr.ipv4.isValid() && !hdr.vlan.isValid()" (node_4) is false
[21:30:08.506] [bmv2] [D] [thread 28319] [19.0] [cxt 0] Pipeline 'ingress': end
[21:30:08.506] [bmv2] [D] [thread 28319] [19.0] [cxt 0] Egress port is 0
[21:30:08.506] [bmv2] [D] [thread 28320] [19.0] [cxt 0] Pipeline 'egress': start
[21:30:08.506] [bmv2] [D] [thread 28320] [19.0] [cxt 0] Pipeline 'egress': end
[21:30:08.506] [bmv2] [D] [thread 28320] [19.0] [cxt 0] Deparser 'deparser': start
[21:30:08.506] [bmv2] [T] [thread 28320] [19.0] [cxt 0] Skipping checksum 'cksum' update because condition not met
[21:30:08.506] [bmv2] [D] [thread 28320] [19.0] [cxt 0] Deparsing header 'ethernet'
[21:30:08.506] [bmv2] [D] [thread 28320] [19.0] [cxt 0] Deparser 'deparser': end
[21:30:08.506] [bmv2] [D] [thread 28324] [19.0] [cxt 0] Transmitting packet of size 70 out of port 0
[21:30:08.755] [bmv2] [D] [thread 28319] [20.0] [cxt 0] Processing packet received on port 1
[21:30:08.755] [bmv2] [D] [thread 28319] [20.0] [cxt 0] Parser 'parser': start
[21:30:08.755] [bmv2] [D] [thread 28319] [20.0] [cxt 0] Parser 'parser' entering state 'start'
[21:30:08.755] [bmv2] [D] [thread 28319] [20.0] [cxt 0] Extracting header 'ethernet'
[21:30:08.755] [bmv2] [D] [thread 28319] [20.0] [cxt 0] Parser state 'start': key is 86dd
[21:30:08.755] [bmv2] [T] [thread 28319] [20.0] [cxt 0] Bytes parsed: 14
[21:30:08.755] [bmv2] [D] [thread 28319] [20.0] [cxt 0] Parser 'parser': end
[21:30:08.755] [bmv2] [D] [thread 28319] [20.0] [cxt 0] Pipeline 'ingress': start
[21:30:08.755] [bmv2] [T] [thread 28319] [20.0] [cxt 0] basic.p4(190) Condition "hdr.vlan.isValid()" (node_2) is false
[21:30:08.755] [bmv2] [T] [thread 28319] [20.0] [cxt 0] basic.p4(194) Condition "hdr.ipv4.isValid() && !hdr.vlan.isValid()" (node_4) is false
[21:30:08.755] [bmv2] [D] [thread 28319] [20.0] [cxt 0] Pipeline 'ingress': end
[21:30:08.755] [bmv2] [D] [thread 28319] [20.0] [cxt 0] Egress port is 0
[21:30:08.755] [bmv2] [D] [thread 28319] [21.0] [cxt 0] Processing packet received on port 2
[21:30:08.755] [bmv2] [D] [thread 28319] [21.0] [cxt 0] Parser 'parser': start
[21:30:08.755] [bmv2] [D] [thread 28319] [21.0] [cxt 0] Parser 'parser' entering state 'start'
[21:30:08.755] [bmv2] [D] [thread 28319] [21.0] [cxt 0] Extracting header 'ethernet'
[21:30:08.755] [bmv2] [D] [thread 28319] [21.0] [cxt 0] Parser state 'start': key is 86dd
[21:30:08.755] [bmv2] [T] [thread 28319] [21.0] [cxt 0] Bytes parsed: 14
[21:30:08.755] [bmv2] [D] [thread 28319] [21.0] [cxt 0] Parser 'parser': end
[21:30:08.755] [bmv2] [D] [thread 28319] [21.0] [cxt 0] Pipeline 'ingress': start
[21:30:08.755] [bmv2] [T] [thread 28319] [21.0] [cxt 0] basic.p4(190) Condition "hdr.vlan.isValid()" (node_2) is false
[21:30:08.755] [bmv2] [T] [thread 28319] [21.0] [cxt 0] basic.p4(194) Condition "hdr.ipv4.isValid() && !hdr.vlan.isValid()" (node_4) is false
[21:30:08.755] [bmv2] [D] [thread 28319] [21.0] [cxt 0] Pipeline 'ingress': end
[21:30:08.755] [bmv2] [D] [thread 28319] [21.0] [cxt 0] Egress port is 0
[21:30:08.755] [bmv2] [D] [thread 28320] [20.0] [cxt 0] Pipeline 'egress': start
[21:30:08.755] [bmv2] [D] [thread 28320] [20.0] [cxt 0] Pipeline 'egress': end
[21:30:08.755] [bmv2] [D] [thread 28320] [20.0] [cxt 0] Deparser 'deparser': start
[21:30:08.755] [bmv2] [T] [thread 28320] [20.0] [cxt 0] Skipping checksum 'cksum' update because condition not met
[21:30:08.755] [bmv2] [D] [thread 28320] [20.0] [cxt 0] Deparsing header 'ethernet'
[21:30:08.755] [bmv2] [D] [thread 28320] [20.0] [cxt 0] Deparser 'deparser': end
[21:30:08.755] [bmv2] [D] [thread 28320] [21.0] [cxt 0] Pipeline 'egress': start
[21:30:08.755] [bmv2] [D] [thread 28320] [21.0] [cxt 0] Pipeline 'egress': end
[21:30:08.755] [bmv2] [D] [thread 28320] [21.0] [cxt 0] Deparser 'deparser': start
[21:30:08.755] [bmv2] [T] [thread 28320] [21.0] [cxt 0] Skipping checksum 'cksum' update because condition not met
[21:30:08.755] [bmv2] [D] [thread 28320] [21.0] [cxt 0] Deparsing header 'ethernet'
[21:30:08.755] [bmv2] [D] [thread 28320] [21.0] [cxt 0] Deparser 'deparser': end
[21:30:08.755] [bmv2] [D] [thread 28324] [20.0] [cxt 0] Transmitting packet of size 70 out of port 0
[21:30:08.755] [bmv2] [D] [thread 28324] [21.0] [cxt 0] Transmitting packet of size 70 out of port 0
[21:30:11.061] [bmv2] [D] [thread 28319] [22.0] [cxt 0] Processing packet received on port 2
[21:30:11.061] [bmv2] [D] [thread 28319] [22.0] [cxt 0] Parser 'parser': start
[21:30:11.061] [bmv2] [D] [thread 28319] [22.0] [cxt 0] Parser 'parser' entering state 'start'
[21:30:11.061] [bmv2] [D] [thread 28319] [22.0] [cxt 0] Extracting header 'ethernet'
[21:30:11.061] [bmv2] [D] [thread 28319] [22.0] [cxt 0] Parser state 'start': key is 86dd
[21:30:11.061] [bmv2] [T] [thread 28319] [22.0] [cxt 0] Bytes parsed: 14
[21:30:11.061] [bmv2] [D] [thread 28319] [22.0] [cxt 0] Parser 'parser': end
[21:30:11.061] [bmv2] [D] [thread 28319] [22.0] [cxt 0] Pipeline 'ingress': start
[21:30:11.061] [bmv2] [T] [thread 28319] [22.0] [cxt 0] basic.p4(190) Condition "hdr.vlan.isValid()" (node_2) is false
[21:30:11.061] [bmv2] [T] [thread 28319] [22.0] [cxt 0] basic.p4(194) Condition "hdr.ipv4.isValid() && !hdr.vlan.isValid()" (node_4) is false
[21:30:11.061] [bmv2] [D] [thread 28319] [22.0] [cxt 0] Pipeline 'ingress': end
[21:30:11.061] [bmv2] [D] [thread 28319] [22.0] [cxt 0] Egress port is 0
[21:30:11.061] [bmv2] [D] [thread 28320] [22.0] [cxt 0] Pipeline 'egress': start
[21:30:11.061] [bmv2] [D] [thread 28320] [22.0] [cxt 0] Pipeline 'egress': end
[21:30:11.061] [bmv2] [D] [thread 28320] [22.0] [cxt 0] Deparser 'deparser': start
[21:30:11.061] [bmv2] [T] [thread 28320] [22.0] [cxt 0] Skipping checksum 'cksum' update because condition not met
[21:30:11.061] [bmv2] [D] [thread 28320] [22.0] [cxt 0] Deparsing header 'ethernet'
[21:30:11.061] [bmv2] [D] [thread 28320] [22.0] [cxt 0] Deparser 'deparser': end
[21:30:11.061] [bmv2] [D] [thread 28324] [22.0] [cxt 0] Transmitting packet of size 70 out of port 0
[21:30:22.328] [bmv2] [D] [thread 28319] [23.0] [cxt 0] Processing packet received on port 2
[21:30:22.328] [bmv2] [D] [thread 28319] [23.0] [cxt 0] Parser 'parser': start
[21:30:22.328] [bmv2] [D] [thread 28319] [23.0] [cxt 0] Parser 'parser' entering state 'start'
[21:30:22.328] [bmv2] [D] [thread 28319] [23.0] [cxt 0] Extracting header 'ethernet'
[21:30:22.328] [bmv2] [D] [thread 28319] [23.0] [cxt 0] Parser state 'start': key is 86dd
[21:30:22.328] [bmv2] [T] [thread 28319] [23.0] [cxt 0] Bytes parsed: 14
[21:30:22.328] [bmv2] [D] [thread 28319] [23.0] [cxt 0] Parser 'parser': end
[21:30:22.328] [bmv2] [D] [thread 28319] [23.0] [cxt 0] Pipeline 'ingress': start
[21:30:22.328] [bmv2] [T] [thread 28319] [23.0] [cxt 0] basic.p4(190) Condition "hdr.vlan.isValid()" (node_2) is false
[21:30:22.328] [bmv2] [T] [thread 28319] [23.0] [cxt 0] basic.p4(194) Condition "hdr.ipv4.isValid() && !hdr.vlan.isValid()" (node_4) is false
[21:30:22.328] [bmv2] [D] [thread 28319] [23.0] [cxt 0] Pipeline 'ingress': end
[21:30:22.328] [bmv2] [D] [thread 28319] [23.0] [cxt 0] Egress port is 0
[21:30:22.328] [bmv2] [D] [thread 28320] [23.0] [cxt 0] Pipeline 'egress': start
[21:30:22.328] [bmv2] [D] [thread 28320] [23.0] [cxt 0] Pipeline 'egress': end
[21:30:22.328] [bmv2] [D] [thread 28320] [23.0] [cxt 0] Deparser 'deparser': start
[21:30:22.328] [bmv2] [T] [thread 28320] [23.0] [cxt 0] Skipping checksum 'cksum' update because condition not met
[21:30:22.328] [bmv2] [D] [thread 28320] [23.0] [cxt 0] Deparsing header 'ethernet'
[21:30:22.328] [bmv2] [D] [thread 28320] [23.0] [cxt 0] Deparser 'deparser': end
[21:30:22.328] [bmv2] [D] [thread 28324] [23.0] [cxt 0] Transmitting packet of size 70 out of port 0
[21:30:22.834] [bmv2] [D] [thread 28319] [24.0] [cxt 0] Processing packet received on port 1
[21:30:22.834] [bmv2] [D] [thread 28319] [24.0] [cxt 0] Parser 'parser': start
[21:30:22.834] [bmv2] [D] [thread 28319] [24.0] [cxt 0] Parser 'parser' entering state 'start'
[21:30:22.834] [bmv2] [D] [thread 28319] [24.0] [cxt 0] Extracting header 'ethernet'
[21:30:22.834] [bmv2] [D] [thread 28319] [24.0] [cxt 0] Parser state 'start': key is 86dd
[21:30:22.834] [bmv2] [T] [thread 28319] [24.0] [cxt 0] Bytes parsed: 14
[21:30:22.834] [bmv2] [D] [thread 28319] [24.0] [cxt 0] Parser 'parser': end
[21:30:22.834] [bmv2] [D] [thread 28319] [24.0] [cxt 0] Pipeline 'ingress': start
[21:30:22.834] [bmv2] [T] [thread 28319] [24.0] [cxt 0] basic.p4(190) Condition "hdr.vlan.isValid()" (node_2) is false
[21:30:22.834] [bmv2] [T] [thread 28319] [24.0] [cxt 0] basic.p4(194) Condition "hdr.ipv4.isValid() && !hdr.vlan.isValid()" (node_4) is false
[21:30:22.834] [bmv2] [D] [thread 28319] [24.0] [cxt 0] Pipeline 'ingress': end
[21:30:22.834] [bmv2] [D] [thread 28319] [24.0] [cxt 0] Egress port is 0
[21:30:22.834] [bmv2] [D] [thread 28320] [24.0] [cxt 0] Pipeline 'egress': start
[21:30:22.834] [bmv2] [D] [thread 28320] [24.0] [cxt 0] Pipeline 'egress': end
[21:30:22.834] [bmv2] [D] [thread 28320] [24.0] [cxt 0] Deparser 'deparser': start
[21:30:22.834] [bmv2] [T] [thread 28320] [24.0] [cxt 0] Skipping checksum 'cksum' update because condition not met
[21:30:22.834] [bmv2] [D] [thread 28320] [24.0] [cxt 0] Deparsing header 'ethernet'
[21:30:22.834] [bmv2] [D] [thread 28320] [24.0] [cxt 0] Deparser 'deparser': end
[21:30:22.834] [bmv2] [D] [thread 28324] [24.0] [cxt 0] Transmitting packet of size 70 out of port 0
[21:30:23.346] [bmv2] [D] [thread 28319] [25.0] [cxt 0] Processing packet received on port 1
[21:30:23.346] [bmv2] [D] [thread 28319] [25.0] [cxt 0] Parser 'parser': start
[21:30:23.346] [bmv2] [D] [thread 28319] [25.0] [cxt 0] Parser 'parser' entering state 'start'
[21:30:23.346] [bmv2] [D] [thread 28319] [25.0] [cxt 0] Extracting header 'ethernet'
[21:30:23.346] [bmv2] [D] [thread 28319] [25.0] [cxt 0] Parser state 'start': key is 86dd
[21:30:23.346] [bmv2] [T] [thread 28319] [25.0] [cxt 0] Bytes parsed: 14
[21:30:23.346] [bmv2] [D] [thread 28319] [25.0] [cxt 0] Parser 'parser': end
[21:30:23.346] [bmv2] [D] [thread 28319] [25.0] [cxt 0] Pipeline 'ingress': start
[21:30:23.346] [bmv2] [T] [thread 28319] [25.0] [cxt 0] basic.p4(190) Condition "hdr.vlan.isValid()" (node_2) is false
[21:30:23.346] [bmv2] [T] [thread 28319] [25.0] [cxt 0] basic.p4(194) Condition "hdr.ipv4.isValid() && !hdr.vlan.isValid()" (node_4) is false
[21:30:23.346] [bmv2] [D] [thread 28319] [25.0] [cxt 0] Pipeline 'ingress': end
[21:30:23.346] [bmv2] [D] [thread 28319] [25.0] [cxt 0] Egress port is 0
[21:30:23.346] [bmv2] [D] [thread 28320] [25.0] [cxt 0] Pipeline 'egress': start
[21:30:23.346] [bmv2] [D] [thread 28320] [25.0] [cxt 0] Pipeline 'egress': end
[21:30:23.346] [bmv2] [D] [thread 28320] [25.0] [cxt 0] Deparser 'deparser': start
[21:30:23.346] [bmv2] [T] [thread 28320] [25.0] [cxt 0] Skipping checksum 'cksum' update because condition not met
[21:30:23.346] [bmv2] [D] [thread 28320] [25.0] [cxt 0] Deparsing header 'ethernet'
[21:30:23.346] [bmv2] [D] [thread 28320] [25.0] [cxt 0] Deparser 'deparser': end
[21:30:23.346] [bmv2] [D] [thread 28324] [25.0] [cxt 0] Transmitting packet of size 70 out of port 0
open: No such file or directory
open: No such file or directory
open: No such file or directory
