Calling target program-options parser
[21:29:57.919] [bmv2] [D] [thread 28326] Set default default entry for table 'MyIngress.vlan_exact': MyIngress.drop - 
[21:29:57.920] [bmv2] [D] [thread 28326] Set default default entry for table 'MyIngress.ipv4_lpm': MyIngress.drop - 
Adding interface s4-eth1 as port 1
[21:29:57.920] [bmv2] [D] [thread 28326] Adding interface s4-eth1 as port 1
Adding interface s4-eth2 as port 2
[21:29:57.951] [bmv2] [D] [thread 28326] Adding interface s4-eth2 as port 2
Server listening on 0.0.0.0:50054
[21:29:57.986] [bmv2] [I] [thread 28326] Starting Thrift server on port 9093
[21:29:57.986] [bmv2] [I] [thread 28326] Thrift server was started
[21:29:58.038] [bmv2] [D] [thread 28336] [0.0] [cxt 0] Processing packet received on port 1
[21:29:58.038] [bmv2] [D] [thread 28336] [0.0] [cxt 0] Parser 'parser': start
[21:29:58.038] [bmv2] [D] [thread 28336] [0.0] [cxt 0] Parser 'parser' entering state 'start'
[21:29:58.038] [bmv2] [D] [thread 28336] [0.0] [cxt 0] Extracting header 'ethernet'
[21:29:58.038] [bmv2] [D] [thread 28336] [0.0] [cxt 0] Parser state 'start': key is 86dd
[21:29:58.038] [bmv2] [T] [thread 28336] [0.0] [cxt 0] Bytes parsed: 14
[21:29:58.038] [bmv2] [D] [thread 28336] [0.0] [cxt 0] Parser 'parser': end
[21:29:58.038] [bmv2] [D] [thread 28336] [0.0] [cxt 0] Pipeline 'ingress': start
[21:29:58.038] [bmv2] [T] [thread 28336] [0.0] [cxt 0] basic.p4(190) Condition "hdr.vlan.isValid()" (node_2) is false
[21:29:58.038] [bmv2] [T] [thread 28336] [0.0] [cxt 0] basic.p4(194) Condition "hdr.ipv4.isValid() && !hdr.vlan.isValid()" (node_4) is false
[21:29:58.038] [bmv2] [D] [thread 28336] [0.0] [cxt 0] Pipeline 'ingress': end
[21:29:58.038] [bmv2] [D] [thread 28336] [0.0] [cxt 0] Egress port is 0
[21:29:58.038] [bmv2] [D] [thread 28336] [1.0] [cxt 0] Processing packet received on port 1
[21:29:58.038] [bmv2] [D] [thread 28336] [1.0] [cxt 0] Parser 'parser': start
[21:29:58.038] [bmv2] [D] [thread 28336] [1.0] [cxt 0] Parser 'parser' entering state 'start'
[21:29:58.038] [bmv2] [D] [thread 28336] [1.0] [cxt 0] Extracting header 'ethernet'
[21:29:58.038] [bmv2] [D] [thread 28336] [1.0] [cxt 0] Parser state 'start': key is 86dd
[21:29:58.038] [bmv2] [T] [thread 28336] [1.0] [cxt 0] Bytes parsed: 14
[21:29:58.038] [bmv2] [D] [thread 28336] [1.0] [cxt 0] Parser 'parser': end
[21:29:58.038] [bmv2] [D] [thread 28336] [1.0] [cxt 0] Pipeline 'ingress': start
[21:29:58.038] [bmv2] [T] [thread 28336] [1.0] [cxt 0] basic.p4(190) Condition "hdr.vlan.isValid()" (node_2) is false
[21:29:58.038] [bmv2] [T] [thread 28336] [1.0] [cxt 0] basic.p4(194) Condition "hdr.ipv4.isValid() && !hdr.vlan.isValid()" (node_4) is false
[21:29:58.038] [bmv2] [D] [thread 28336] [1.0] [cxt 0] Pipeline 'ingress': end
[21:29:58.038] [bmv2] [D] [thread 28336] [1.0] [cxt 0] Egress port is 0
[21:29:58.038] [bmv2] [D] [thread 28337] [0.0] [cxt 0] Pipeline 'egress': start
[21:29:58.038] [bmv2] [D] [thread 28337] [0.0] [cxt 0] Pipeline 'egress': end
[21:29:58.038] [bmv2] [D] [thread 28337] [0.0] [cxt 0] Deparser 'deparser': start
[21:29:58.038] [bmv2] [T] [thread 28337] [0.0] [cxt 0] Skipping checksum 'cksum' update because condition not met
[21:29:58.038] [bmv2] [D] [thread 28337] [0.0] [cxt 0] Deparsing header 'ethernet'
[21:29:58.038] [bmv2] [D] [thread 28337] [0.0] [cxt 0] Deparser 'deparser': end
[21:29:58.038] [bmv2] [D] [thread 28337] [1.0] [cxt 0] Pipeline 'egress': start
[21:29:58.038] [bmv2] [D] [thread 28337] [1.0] [cxt 0] Pipeline 'egress': end
[21:29:58.038] [bmv2] [D] [thread 28337] [1.0] [cxt 0] Deparser 'deparser': start
[21:29:58.038] [bmv2] [T] [thread 28337] [1.0] [cxt 0] Skipping checksum 'cksum' update because condition not met
[21:29:58.038] [bmv2] [D] [thread 28337] [1.0] [cxt 0] Deparsing header 'ethernet'
[21:29:58.038] [bmv2] [D] [thread 28337] [1.0] [cxt 0] Deparser 'deparser': end
[21:29:58.038] [bmv2] [D] [thread 28341] [0.0] [cxt 0] Transmitting packet of size 90 out of port 0
[21:29:58.038] [bmv2] [D] [thread 28341] [1.0] [cxt 0] Transmitting packet of size 70 out of port 0
[21:29:58.202] [bmv2] [D] [thread 28336] [2.0] [cxt 0] Processing packet received on port 1
[21:29:58.202] [bmv2] [D] [thread 28336] [2.0] [cxt 0] Parser 'parser': start
[21:29:58.202] [bmv2] [D] [thread 28336] [2.0] [cxt 0] Parser 'parser' entering state 'start'
[21:29:58.202] [bmv2] [D] [thread 28336] [2.0] [cxt 0] Extracting header 'ethernet'
[21:29:58.202] [bmv2] [D] [thread 28336] [2.0] [cxt 0] Parser state 'start': key is 86dd
[21:29:58.202] [bmv2] [T] [thread 28336] [2.0] [cxt 0] Bytes parsed: 14
[21:29:58.202] [bmv2] [D] [thread 28336] [2.0] [cxt 0] Parser 'parser': end
[21:29:58.202] [bmv2] [D] [thread 28336] [2.0] [cxt 0] Pipeline 'ingress': start
[21:29:58.202] [bmv2] [T] [thread 28336] [2.0] [cxt 0] basic.p4(190) Condition "hdr.vlan.isValid()" (node_2) is false
[21:29:58.202] [bmv2] [T] [thread 28336] [2.0] [cxt 0] basic.p4(194) Condition "hdr.ipv4.isValid() && !hdr.vlan.isValid()" (node_4) is false
[21:29:58.202] [bmv2] [D] [thread 28336] [2.0] [cxt 0] Pipeline 'ingress': end
[21:29:58.202] [bmv2] [D] [thread 28336] [2.0] [cxt 0] Egress port is 0
[21:29:58.202] [bmv2] [D] [thread 28337] [2.0] [cxt 0] Pipeline 'egress': start
[21:29:58.202] [bmv2] [D] [thread 28337] [2.0] [cxt 0] Pipeline 'egress': end
[21:29:58.202] [bmv2] [D] [thread 28337] [2.0] [cxt 0] Deparser 'deparser': start
[21:29:58.202] [bmv2] [T] [thread 28337] [2.0] [cxt 0] Skipping checksum 'cksum' update because condition not met
[21:29:58.202] [bmv2] [D] [thread 28337] [2.0] [cxt 0] Deparsing header 'ethernet'
[21:29:58.202] [bmv2] [D] [thread 28337] [2.0] [cxt 0] Deparser 'deparser': end
[21:29:58.202] [bmv2] [D] [thread 28341] [2.0] [cxt 0] Transmitting packet of size 90 out of port 0
[21:29:58.354] [bmv2] [D] [thread 28336] [3.0] [cxt 0] Processing packet received on port 2
[21:29:58.354] [bmv2] [D] [thread 28336] [3.0] [cxt 0] Parser 'parser': start
[21:29:58.354] [bmv2] [D] [thread 28336] [3.0] [cxt 0] Parser 'parser' entering state 'start'
[21:29:58.354] [bmv2] [D] [thread 28336] [3.0] [cxt 0] Extracting header 'ethernet'
[21:29:58.354] [bmv2] [D] [thread 28336] [3.0] [cxt 0] Parser state 'start': key is 86dd
[21:29:58.354] [bmv2] [T] [thread 28336] [3.0] [cxt 0] Bytes parsed: 14
[21:29:58.354] [bmv2] [D] [thread 28336] [3.0] [cxt 0] Parser 'parser': end
[21:29:58.354] [bmv2] [D] [thread 28336] [3.0] [cxt 0] Pipeline 'ingress': start
[21:29:58.354] [bmv2] [T] [thread 28336] [3.0] [cxt 0] basic.p4(190) Condition "hdr.vlan.isValid()" (node_2) is false
[21:29:58.354] [bmv2] [T] [thread 28336] [3.0] [cxt 0] basic.p4(194) Condition "hdr.ipv4.isValid() && !hdr.vlan.isValid()" (node_4) is false
[21:29:58.354] [bmv2] [D] [thread 28336] [3.0] [cxt 0] Pipeline 'ingress': end
[21:29:58.354] [bmv2] [D] [thread 28336] [3.0] [cxt 0] Egress port is 0
[21:29:58.354] [bmv2] [D] [thread 28337] [3.0] [cxt 0] Pipeline 'egress': start
[21:29:58.354] [bmv2] [D] [thread 28337] [3.0] [cxt 0] Pipeline 'egress': end
[21:29:58.354] [bmv2] [D] [thread 28337] [3.0] [cxt 0] Deparser 'deparser': start
[21:29:58.354] [bmv2] [T] [thread 28337] [3.0] [cxt 0] Skipping checksum 'cksum' update because condition not met
[21:29:58.354] [bmv2] [D] [thread 28337] [3.0] [cxt 0] Deparsing header 'ethernet'
[21:29:58.354] [bmv2] [D] [thread 28337] [3.0] [cxt 0] Deparser 'deparser': end
[21:29:58.354] [bmv2] [D] [thread 28341] [3.0] [cxt 0] Transmitting packet of size 90 out of port 0
[21:29:58.642] [bmv2] [D] [thread 28336] [4.0] [cxt 0] Processing packet received on port 1
[21:29:58.642] [bmv2] [D] [thread 28336] [4.0] [cxt 0] Parser 'parser': start
[21:29:58.642] [bmv2] [D] [thread 28336] [4.0] [cxt 0] Parser 'parser' entering state 'start'
[21:29:58.642] [bmv2] [D] [thread 28336] [4.0] [cxt 0] Extracting header 'ethernet'
[21:29:58.642] [bmv2] [D] [thread 28336] [4.0] [cxt 0] Parser state 'start': key is 86dd
[21:29:58.642] [bmv2] [T] [thread 28336] [4.0] [cxt 0] Bytes parsed: 14
[21:29:58.642] [bmv2] [D] [thread 28336] [4.0] [cxt 0] Parser 'parser': end
[21:29:58.642] [bmv2] [D] [thread 28336] [4.0] [cxt 0] Pipeline 'ingress': start
[21:29:58.642] [bmv2] [T] [thread 28336] [4.0] [cxt 0] basic.p4(190) Condition "hdr.vlan.isValid()" (node_2) is false
[21:29:58.642] [bmv2] [T] [thread 28336] [4.0] [cxt 0] basic.p4(194) Condition "hdr.ipv4.isValid() && !hdr.vlan.isValid()" (node_4) is false
[21:29:58.642] [bmv2] [D] [thread 28336] [4.0] [cxt 0] Pipeline 'ingress': end
[21:29:58.642] [bmv2] [D] [thread 28336] [4.0] [cxt 0] Egress port is 0
[21:29:58.642] [bmv2] [D] [thread 28337] [4.0] [cxt 0] Pipeline 'egress': start
[21:29:58.642] [bmv2] [D] [thread 28337] [4.0] [cxt 0] Pipeline 'egress': end
[21:29:58.642] [bmv2] [D] [thread 28337] [4.0] [cxt 0] Deparser 'deparser': start
[21:29:58.642] [bmv2] [T] [thread 28337] [4.0] [cxt 0] Skipping checksum 'cksum' update because condition not met
[21:29:58.642] [bmv2] [D] [thread 28337] [4.0] [cxt 0] Deparsing header 'ethernet'
[21:29:58.642] [bmv2] [D] [thread 28337] [4.0] [cxt 0] Deparser 'deparser': end
[21:29:58.642] [bmv2] [D] [thread 28341] [4.0] [cxt 0] Transmitting packet of size 90 out of port 0
[21:29:59.469] [bmv2] [W] [thread 28386] [P4Runtime] p4::tmp::P4DeviceConfig is deprecated
[21:29:59.470] [bmv2] [D] [thread 28386] Set default default entry for table 'MyIngress.vlan_exact': MyIngress.drop - 
[21:29:59.470] [bmv2] [D] [thread 28386] Set default default entry for table 'MyIngress.ipv4_lpm': MyIngress.drop - 
[21:29:59.470] [bmv2] [D] [thread 28386] simple_switch target has been notified of a config swap
[21:29:59.471] [bmv2] [D] [thread 28387] Set default entry for table 'MyIngress.ipv4_lpm': MyIngress.drop - 
[21:29:59.471] [bmv2] [D] [thread 28386] Set default entry for table 'MyIngress.vlan_exact': MyIngress.drop - 
[21:29:59.472] [bmv2] [D] [thread 28387] Entry 0 added to table 'MyIngress.vlan_exact'
[21:29:59.472] [bmv2] [D] [thread 28387] Dumping entry 0
Match key:
* hdr.vlan.vid        : EXACT     0001
Action entry: MyIngress.forward_tag - 80000000100,2,

[21:29:59.473] [bmv2] [D] [thread 28386] Entry 1 added to table 'MyIngress.vlan_exact'
[21:29:59.473] [bmv2] [D] [thread 28386] Dumping entry 1
Match key:
* hdr.vlan.vid        : EXACT     0002
Action entry: MyIngress.forward_tag - 80000000100,2,

[21:30:01.092] [bmv2] [D] [thread 28336] [5.0] [cxt 0] Processing packet received on port 2
[21:30:01.092] [bmv2] [D] [thread 28336] [5.0] [cxt 0] Parser 'parser': start
[21:30:01.092] [bmv2] [D] [thread 28336] [5.0] [cxt 0] Parser 'parser' entering state 'start'
[21:30:01.092] [bmv2] [D] [thread 28336] [5.0] [cxt 0] Extracting header 'ethernet'
[21:30:01.092] [bmv2] [D] [thread 28336] [5.0] [cxt 0] Parser state 'start': key is 86dd
[21:30:01.092] [bmv2] [T] [thread 28336] [5.0] [cxt 0] Bytes parsed: 14
[21:30:01.092] [bmv2] [D] [thread 28336] [5.0] [cxt 0] Parser 'parser': end
[21:30:01.092] [bmv2] [D] [thread 28336] [5.0] [cxt 0] Pipeline 'ingress': start
[21:30:01.092] [bmv2] [T] [thread 28336] [5.0] [cxt 0] basic.p4(190) Condition "hdr.vlan.isValid()" (node_2) is false
[21:30:01.092] [bmv2] [T] [thread 28336] [5.0] [cxt 0] basic.p4(194) Condition "hdr.ipv4.isValid() && !hdr.vlan.isValid()" (node_4) is false
[21:30:01.092] [bmv2] [D] [thread 28336] [5.0] [cxt 0] Pipeline 'ingress': end
[21:30:01.092] [bmv2] [D] [thread 28336] [5.0] [cxt 0] Egress port is 0
[21:30:01.092] [bmv2] [D] [thread 28337] [5.0] [cxt 0] Pipeline 'egress': start
[21:30:01.092] [bmv2] [D] [thread 28337] [5.0] [cxt 0] Pipeline 'egress': end
[21:30:01.092] [bmv2] [D] [thread 28337] [5.0] [cxt 0] Deparser 'deparser': start
[21:30:01.092] [bmv2] [T] [thread 28337] [5.0] [cxt 0] Skipping checksum 'cksum' update because condition not met
[21:30:01.092] [bmv2] [D] [thread 28337] [5.0] [cxt 0] Deparsing header 'ethernet'
[21:30:01.092] [bmv2] [D] [thread 28337] [5.0] [cxt 0] Deparser 'deparser': end
[21:30:01.092] [bmv2] [D] [thread 28341] [5.0] [cxt 0] Transmitting packet of size 70 out of port 0
[21:30:01.587] [bmv2] [D] [thread 28336] [6.0] [cxt 0] Processing packet received on port 2
[21:30:01.587] [bmv2] [D] [thread 28336] [6.0] [cxt 0] Parser 'parser': start
[21:30:01.587] [bmv2] [D] [thread 28336] [6.0] [cxt 0] Parser 'parser' entering state 'start'
[21:30:01.587] [bmv2] [D] [thread 28336] [6.0] [cxt 0] Extracting header 'ethernet'
[21:30:01.587] [bmv2] [D] [thread 28336] [6.0] [cxt 0] Parser state 'start': key is 86dd
[21:30:01.587] [bmv2] [T] [thread 28336] [6.0] [cxt 0] Bytes parsed: 14
[21:30:01.587] [bmv2] [D] [thread 28336] [6.0] [cxt 0] Parser 'parser': end
[21:30:01.587] [bmv2] [D] [thread 28336] [6.0] [cxt 0] Pipeline 'ingress': start
[21:30:01.587] [bmv2] [T] [thread 28336] [6.0] [cxt 0] basic.p4(190) Condition "hdr.vlan.isValid()" (node_2) is false
[21:30:01.587] [bmv2] [T] [thread 28336] [6.0] [cxt 0] basic.p4(194) Condition "hdr.ipv4.isValid() && !hdr.vlan.isValid()" (node_4) is false
[21:30:01.587] [bmv2] [D] [thread 28336] [6.0] [cxt 0] Pipeline 'ingress': end
[21:30:01.587] [bmv2] [D] [thread 28336] [6.0] [cxt 0] Egress port is 0
[21:30:01.587] [bmv2] [D] [thread 28337] [6.0] [cxt 0] Pipeline 'egress': start
[21:30:01.587] [bmv2] [D] [thread 28337] [6.0] [cxt 0] Pipeline 'egress': end
[21:30:01.587] [bmv2] [D] [thread 28337] [6.0] [cxt 0] Deparser 'deparser': start
[21:30:01.587] [bmv2] [T] [thread 28337] [6.0] [cxt 0] Skipping checksum 'cksum' update because condition not met
[21:30:01.587] [bmv2] [D] [thread 28337] [6.0] [cxt 0] Deparsing header 'ethernet'
[21:30:01.587] [bmv2] [D] [thread 28337] [6.0] [cxt 0] Deparser 'deparser': end
[21:30:01.587] [bmv2] [D] [thread 28341] [6.0] [cxt 0] Transmitting packet of size 70 out of port 0
[21:30:02.110] [bmv2] [D] [thread 28336] [7.0] [cxt 0] Processing packet received on port 1
[21:30:02.110] [bmv2] [D] [thread 28336] [7.0] [cxt 0] Parser 'parser': start
[21:30:02.110] [bmv2] [D] [thread 28336] [7.0] [cxt 0] Parser 'parser' entering state 'start'
[21:30:02.110] [bmv2] [D] [thread 28336] [7.0] [cxt 0] Extracting header 'ethernet'
[21:30:02.110] [bmv2] [D] [thread 28336] [7.0] [cxt 0] Parser state 'start': key is 86dd
[21:30:02.110] [bmv2] [T] [thread 28336] [7.0] [cxt 0] Bytes parsed: 14
[21:30:02.110] [bmv2] [D] [thread 28336] [7.0] [cxt 0] Parser 'parser': end
[21:30:02.110] [bmv2] [D] [thread 28336] [7.0] [cxt 0] Pipeline 'ingress': start
[21:30:02.110] [bmv2] [T] [thread 28336] [7.0] [cxt 0] basic.p4(190) Condition "hdr.vlan.isValid()" (node_2) is false
[21:30:02.110] [bmv2] [T] [thread 28336] [7.0] [cxt 0] basic.p4(194) Condition "hdr.ipv4.isValid() && !hdr.vlan.isValid()" (node_4) is false
[21:30:02.110] [bmv2] [D] [thread 28336] [7.0] [cxt 0] Pipeline 'ingress': end
[21:30:02.110] [bmv2] [D] [thread 28336] [7.0] [cxt 0] Egress port is 0
[21:30:02.110] [bmv2] [D] [thread 28337] [7.0] [cxt 0] Pipeline 'egress': start
[21:30:02.110] [bmv2] [D] [thread 28337] [7.0] [cxt 0] Pipeline 'egress': end
[21:30:02.110] [bmv2] [D] [thread 28337] [7.0] [cxt 0] Deparser 'deparser': start
[21:30:02.110] [bmv2] [T] [thread 28337] [7.0] [cxt 0] Skipping checksum 'cksum' update because condition not met
[21:30:02.110] [bmv2] [D] [thread 28337] [7.0] [cxt 0] Deparsing header 'ethernet'
[21:30:02.110] [bmv2] [D] [thread 28337] [7.0] [cxt 0] Deparser 'deparser': end
[21:30:02.110] [bmv2] [D] [thread 28341] [7.0] [cxt 0] Transmitting packet of size 70 out of port 0
[21:30:02.365] [bmv2] [D] [thread 28336] [8.0] [cxt 0] Processing packet received on port 1
[21:30:02.365] [bmv2] [D] [thread 28336] [8.0] [cxt 0] Parser 'parser': start
[21:30:02.365] [bmv2] [D] [thread 28336] [8.0] [cxt 0] Parser 'parser' entering state 'start'
[21:30:02.365] [bmv2] [D] [thread 28336] [8.0] [cxt 0] Extracting header 'ethernet'
[21:30:02.365] [bmv2] [D] [thread 28336] [8.0] [cxt 0] Parser state 'start': key is 86dd
[21:30:02.365] [bmv2] [T] [thread 28336] [8.0] [cxt 0] Bytes parsed: 14
[21:30:02.365] [bmv2] [D] [thread 28336] [8.0] [cxt 0] Parser 'parser': end
[21:30:02.365] [bmv2] [D] [thread 28336] [8.0] [cxt 0] Pipeline 'ingress': start
[21:30:02.365] [bmv2] [T] [thread 28336] [8.0] [cxt 0] basic.p4(190) Condition "hdr.vlan.isValid()" (node_2) is false
[21:30:02.365] [bmv2] [T] [thread 28336] [8.0] [cxt 0] basic.p4(194) Condition "hdr.ipv4.isValid() && !hdr.vlan.isValid()" (node_4) is false
[21:30:02.365] [bmv2] [D] [thread 28336] [8.0] [cxt 0] Pipeline 'ingress': end
[21:30:02.365] [bmv2] [D] [thread 28336] [8.0] [cxt 0] Egress port is 0
[21:30:02.365] [bmv2] [D] [thread 28337] [8.0] [cxt 0] Pipeline 'egress': start
[21:30:02.365] [bmv2] [D] [thread 28337] [8.0] [cxt 0] Pipeline 'egress': end
[21:30:02.365] [bmv2] [D] [thread 28337] [8.0] [cxt 0] Deparser 'deparser': start
[21:30:02.365] [bmv2] [T] [thread 28337] [8.0] [cxt 0] Skipping checksum 'cksum' update because condition not met
[21:30:02.365] [bmv2] [D] [thread 28337] [8.0] [cxt 0] Deparsing header 'ethernet'
[21:30:02.365] [bmv2] [D] [thread 28337] [8.0] [cxt 0] Deparser 'deparser': end
[21:30:02.365] [bmv2] [D] [thread 28341] [8.0] [cxt 0] Transmitting packet of size 70 out of port 0
[21:30:02.641] [bmv2] [D] [thread 28336] [9.0] [cxt 0] Processing packet received on port 1
[21:30:02.641] [bmv2] [D] [thread 28336] [9.0] [cxt 0] Parser 'parser': start
[21:30:02.641] [bmv2] [D] [thread 28336] [9.0] [cxt 0] Parser 'parser' entering state 'start'
[21:30:02.641] [bmv2] [D] [thread 28336] [9.0] [cxt 0] Extracting header 'ethernet'
[21:30:02.641] [bmv2] [D] [thread 28336] [9.0] [cxt 0] Parser state 'start': key is 8100
[21:30:02.641] [bmv2] [T] [thread 28336] [9.0] [cxt 0] Bytes parsed: 14
[21:30:02.641] [bmv2] [D] [thread 28336] [9.0] [cxt 0] Parser 'parser' entering state 'parse_vlan'
[21:30:02.641] [bmv2] [D] [thread 28336] [9.0] [cxt 0] Extracting header 'vlan'
[21:30:02.641] [bmv2] [D] [thread 28336] [9.0] [cxt 0] Parser state 'parse_vlan': key is 8100
[21:30:02.641] [bmv2] [T] [thread 28336] [9.0] [cxt 0] Bytes parsed: 18
[21:30:02.641] [bmv2] [D] [thread 28336] [9.0] [cxt 0] Parser 'parser': end
[21:30:02.641] [bmv2] [D] [thread 28336] [9.0] [cxt 0] Pipeline 'ingress': start
[21:30:02.641] [bmv2] [T] [thread 28336] [9.0] [cxt 0] basic.p4(190) Condition "hdr.vlan.isValid()" (node_2) is true
[21:30:02.641] [bmv2] [T] [thread 28336] [9.0] [cxt 0] Applying table 'MyIngress.vlan_exact'
[21:30:02.641] [bmv2] [D] [thread 28336] [9.0] [cxt 0] Looking up key:
* hdr.vlan.vid        : 0001

[21:30:02.641] [bmv2] [D] [thread 28336] [9.0] [cxt 0] Table 'MyIngress.vlan_exact': hit with handle 0
[21:30:02.641] [bmv2] [D] [thread 28336] [9.0] [cxt 0] Dumping entry 0
Match key:
* hdr.vlan.vid        : EXACT     0001
Action entry: MyIngress.forward_tag - 80000000100,2,

[21:30:02.641] [bmv2] [D] [thread 28336] [9.0] [cxt 0] Action entry is MyIngress.forward_tag - 80000000100,2,
[21:30:02.641] [bmv2] [T] [thread 28336] [9.0] [cxt 0] Action MyIngress.forward_tag
[21:30:02.641] [bmv2] [T] [thread 28336] [9.0] [cxt 0] basic.p4(161) Primitive hdr.ethernet.srcAddr = hdr.ethernet.dstAddr
[21:30:02.641] [bmv2] [T] [thread 28336] [9.0] [cxt 0] basic.p4(162) Primitive hdr.ethernet.dstAddr = dstAddr
[21:30:02.641] [bmv2] [T] [thread 28336] [9.0] [cxt 0] basic.p4(163) Primitive standard_metadata.egress_spec = port
[21:30:02.641] [bmv2] [T] [thread 28336] [9.0] [cxt 0] basic.p4(164) Primitive hdr.ipv4.ttl = hdr.ipv4.ttl - 1
[21:30:02.641] [bmv2] [T] [thread 28336] [9.0] [cxt 0] basic.p4(194) Condition "hdr.ipv4.isValid() && !hdr.vlan.isValid()" (node_4) is false
[21:30:02.641] [bmv2] [D] [thread 28336] [9.0] [cxt 0] Pipeline 'ingress': end
[21:30:02.641] [bmv2] [D] [thread 28336] [9.0] [cxt 0] Egress port is 2
[21:30:02.641] [bmv2] [D] [thread 28339] [9.0] [cxt 0] Pipeline 'egress': start
[21:30:02.641] [bmv2] [D] [thread 28339] [9.0] [cxt 0] Pipeline 'egress': end
[21:30:02.641] [bmv2] [D] [thread 28339] [9.0] [cxt 0] Deparser 'deparser': start
[21:30:02.641] [bmv2] [T] [thread 28339] [9.0] [cxt 0] Skipping checksum 'cksum' update because condition not met
[21:30:02.641] [bmv2] [D] [thread 28339] [9.0] [cxt 0] Deparsing header 'ethernet'
[21:30:02.641] [bmv2] [D] [thread 28339] [9.0] [cxt 0] Deparsing header 'vlan'
[21:30:02.641] [bmv2] [D] [thread 28339] [9.0] [cxt 0] Deparser 'deparser': end
[21:30:02.641] [bmv2] [D] [thread 28341] [9.0] [cxt 0] Transmitting packet of size 102 out of port 2
[21:30:02.643] [bmv2] [D] [thread 28336] [10.0] [cxt 0] Processing packet received on port 1
[21:30:02.643] [bmv2] [D] [thread 28336] [10.0] [cxt 0] Parser 'parser': start
[21:30:02.643] [bmv2] [D] [thread 28336] [10.0] [cxt 0] Parser 'parser' entering state 'start'
[21:30:02.643] [bmv2] [D] [thread 28336] [10.0] [cxt 0] Extracting header 'ethernet'
[21:30:02.643] [bmv2] [D] [thread 28336] [10.0] [cxt 0] Parser state 'start': key is 8100
[21:30:02.643] [bmv2] [T] [thread 28336] [10.0] [cxt 0] Bytes parsed: 14
[21:30:02.643] [bmv2] [D] [thread 28336] [10.0] [cxt 0] Parser 'parser' entering state 'parse_vlan'
[21:30:02.643] [bmv2] [D] [thread 28336] [10.0] [cxt 0] Extracting header 'vlan'
[21:30:02.643] [bmv2] [D] [thread 28336] [10.0] [cxt 0] Parser state 'parse_vlan': key is 8100
[21:30:02.643] [bmv2] [T] [thread 28336] [10.0] [cxt 0] Bytes parsed: 18
[21:30:02.643] [bmv2] [D] [thread 28336] [10.0] [cxt 0] Parser 'parser': end
[21:30:02.643] [bmv2] [D] [thread 28336] [10.0] [cxt 0] Pipeline 'ingress': start
[21:30:02.643] [bmv2] [T] [thread 28336] [10.0] [cxt 0] basic.p4(190) Condition "hdr.vlan.isValid()" (node_2) is true
[21:30:02.643] [bmv2] [T] [thread 28336] [10.0] [cxt 0] Applying table 'MyIngress.vlan_exact'
[21:30:02.643] [bmv2] [D] [thread 28336] [10.0] [cxt 0] Looking up key:
* hdr.vlan.vid        : 0001

[21:30:02.643] [bmv2] [D] [thread 28336] [10.0] [cxt 0] Table 'MyIngress.vlan_exact': hit with handle 0
[21:30:02.643] [bmv2] [D] [thread 28336] [10.0] [cxt 0] Dumping entry 0
Match key:
* hdr.vlan.vid        : EXACT     0001
Action entry: MyIngress.forward_tag - 80000000100,2,

[21:30:02.643] [bmv2] [D] [thread 28336] [10.0] [cxt 0] Action entry is MyIngress.forward_tag - 80000000100,2,
[21:30:02.643] [bmv2] [T] [thread 28336] [10.0] [cxt 0] Action MyIngress.forward_tag
[21:30:02.643] [bmv2] [T] [thread 28336] [10.0] [cxt 0] basic.p4(161) Primitive hdr.ethernet.srcAddr = hdr.ethernet.dstAddr
[21:30:02.643] [bmv2] [T] [thread 28336] [10.0] [cxt 0] basic.p4(162) Primitive hdr.ethernet.dstAddr = dstAddr
[21:30:02.643] [bmv2] [T] [thread 28336] [10.0] [cxt 0] basic.p4(163) Primitive standard_metadata.egress_spec = port
[21:30:02.643] [bmv2] [T] [thread 28336] [10.0] [cxt 0] basic.p4(164) Primitive hdr.ipv4.ttl = hdr.ipv4.ttl - 1
[21:30:02.643] [bmv2] [T] [thread 28336] [10.0] [cxt 0] basic.p4(194) Condition "hdr.ipv4.isValid() && !hdr.vlan.isValid()" (node_4) is false
[21:30:02.643] [bmv2] [D] [thread 28336] [10.0] [cxt 0] Pipeline 'ingress': end
[21:30:02.643] [bmv2] [D] [thread 28336] [10.0] [cxt 0] Egress port is 2
[21:30:02.643] [bmv2] [D] [thread 28339] [10.0] [cxt 0] Pipeline 'egress': start
[21:30:02.643] [bmv2] [D] [thread 28339] [10.0] [cxt 0] Pipeline 'egress': end
[21:30:02.643] [bmv2] [D] [thread 28339] [10.0] [cxt 0] Deparser 'deparser': start
[21:30:02.643] [bmv2] [T] [thread 28339] [10.0] [cxt 0] Skipping checksum 'cksum' update because condition not met
[21:30:02.643] [bmv2] [D] [thread 28339] [10.0] [cxt 0] Deparsing header 'ethernet'
[21:30:02.643] [bmv2] [D] [thread 28339] [10.0] [cxt 0] Deparsing header 'vlan'
[21:30:02.643] [bmv2] [D] [thread 28339] [10.0] [cxt 0] Deparser 'deparser': end
[21:30:02.643] [bmv2] [D] [thread 28341] [10.0] [cxt 0] Transmitting packet of size 102 out of port 2
[21:30:02.647] [bmv2] [D] [thread 28336] [11.0] [cxt 0] Processing packet received on port 1
[21:30:02.647] [bmv2] [D] [thread 28336] [11.0] [cxt 0] Parser 'parser': start
[21:30:02.647] [bmv2] [D] [thread 28336] [11.0] [cxt 0] Parser 'parser' entering state 'start'
[21:30:02.647] [bmv2] [D] [thread 28336] [11.0] [cxt 0] Extracting header 'ethernet'
[21:30:02.647] [bmv2] [D] [thread 28336] [11.0] [cxt 0] Parser state 'start': key is 8100
[21:30:02.647] [bmv2] [T] [thread 28336] [11.0] [cxt 0] Bytes parsed: 14
[21:30:02.647] [bmv2] [D] [thread 28336] [11.0] [cxt 0] Parser 'parser' entering state 'parse_vlan'
[21:30:02.647] [bmv2] [D] [thread 28336] [11.0] [cxt 0] Extracting header 'vlan'
[21:30:02.647] [bmv2] [D] [thread 28336] [11.0] [cxt 0] Parser state 'parse_vlan': key is 8100
[21:30:02.647] [bmv2] [T] [thread 28336] [11.0] [cxt 0] Bytes parsed: 18
[21:30:02.647] [bmv2] [D] [thread 28336] [11.0] [cxt 0] Parser 'parser': end
[21:30:02.647] [bmv2] [D] [thread 28336] [11.0] [cxt 0] Pipeline 'ingress': start
[21:30:02.647] [bmv2] [T] [thread 28336] [11.0] [cxt 0] basic.p4(190) Condition "hdr.vlan.isValid()" (node_2) is true
[21:30:02.647] [bmv2] [T] [thread 28336] [11.0] [cxt 0] Applying table 'MyIngress.vlan_exact'
[21:30:02.647] [bmv2] [D] [thread 28336] [11.0] [cxt 0] Looking up key:
* hdr.vlan.vid        : 0002

[21:30:02.647] [bmv2] [D] [thread 28336] [11.0] [cxt 0] Table 'MyIngress.vlan_exact': hit with handle 1
[21:30:02.647] [bmv2] [D] [thread 28336] [11.0] [cxt 0] Dumping entry 1
Match key:
* hdr.vlan.vid        : EXACT     0002
Action entry: MyIngress.forward_tag - 80000000100,2,

[21:30:02.647] [bmv2] [D] [thread 28336] [11.0] [cxt 0] Action entry is MyIngress.forward_tag - 80000000100,2,
[21:30:02.647] [bmv2] [T] [thread 28336] [11.0] [cxt 0] Action MyIngress.forward_tag
[21:30:02.647] [bmv2] [T] [thread 28336] [11.0] [cxt 0] basic.p4(161) Primitive hdr.ethernet.srcAddr = hdr.ethernet.dstAddr
[21:30:02.647] [bmv2] [T] [thread 28336] [11.0] [cxt 0] basic.p4(162) Primitive hdr.ethernet.dstAddr = dstAddr
[21:30:02.647] [bmv2] [T] [thread 28336] [11.0] [cxt 0] basic.p4(163) Primitive standard_metadata.egress_spec = port
[21:30:02.647] [bmv2] [T] [thread 28336] [11.0] [cxt 0] basic.p4(164) Primitive hdr.ipv4.ttl = hdr.ipv4.ttl - 1
[21:30:02.647] [bmv2] [T] [thread 28336] [11.0] [cxt 0] basic.p4(194) Condition "hdr.ipv4.isValid() && !hdr.vlan.isValid()" (node_4) is false
[21:30:02.647] [bmv2] [D] [thread 28336] [11.0] [cxt 0] Pipeline 'ingress': end
[21:30:02.647] [bmv2] [D] [thread 28336] [11.0] [cxt 0] Egress port is 2
[21:30:02.647] [bmv2] [D] [thread 28339] [11.0] [cxt 0] Pipeline 'egress': start
[21:30:02.647] [bmv2] [D] [thread 28339] [11.0] [cxt 0] Pipeline 'egress': end
[21:30:02.647] [bmv2] [D] [thread 28339] [11.0] [cxt 0] Deparser 'deparser': start
[21:30:02.647] [bmv2] [T] [thread 28339] [11.0] [cxt 0] Skipping checksum 'cksum' update because condition not met
[21:30:02.647] [bmv2] [D] [thread 28339] [11.0] [cxt 0] Deparsing header 'ethernet'
[21:30:02.647] [bmv2] [D] [thread 28339] [11.0] [cxt 0] Deparsing header 'vlan'
[21:30:02.647] [bmv2] [D] [thread 28339] [11.0] [cxt 0] Deparser 'deparser': end
[21:30:02.647] [bmv2] [D] [thread 28341] [11.0] [cxt 0] Transmitting packet of size 102 out of port 2
[21:30:02.649] [bmv2] [D] [thread 28336] [12.0] [cxt 0] Processing packet received on port 1
[21:30:02.649] [bmv2] [D] [thread 28336] [12.0] [cxt 0] Parser 'parser': start
[21:30:02.649] [bmv2] [D] [thread 28336] [12.0] [cxt 0] Parser 'parser' entering state 'start'
[21:30:02.649] [bmv2] [D] [thread 28336] [12.0] [cxt 0] Extracting header 'ethernet'
[21:30:02.649] [bmv2] [D] [thread 28336] [12.0] [cxt 0] Parser state 'start': key is 8100
[21:30:02.649] [bmv2] [T] [thread 28336] [12.0] [cxt 0] Bytes parsed: 14
[21:30:02.649] [bmv2] [D] [thread 28336] [12.0] [cxt 0] Parser 'parser' entering state 'parse_vlan'
[21:30:02.649] [bmv2] [D] [thread 28336] [12.0] [cxt 0] Extracting header 'vlan'
[21:30:02.649] [bmv2] [D] [thread 28336] [12.0] [cxt 0] Parser state 'parse_vlan': key is 8100
[21:30:02.649] [bmv2] [T] [thread 28336] [12.0] [cxt 0] Bytes parsed: 18
[21:30:02.649] [bmv2] [D] [thread 28336] [12.0] [cxt 0] Parser 'parser': end
[21:30:02.649] [bmv2] [D] [thread 28336] [12.0] [cxt 0] Pipeline 'ingress': start
[21:30:02.649] [bmv2] [T] [thread 28336] [12.0] [cxt 0] basic.p4(190) Condition "hdr.vlan.isValid()" (node_2) is true
[21:30:02.649] [bmv2] [T] [thread 28336] [12.0] [cxt 0] Applying table 'MyIngress.vlan_exact'
[21:30:02.649] [bmv2] [D] [thread 28336] [12.0] [cxt 0] Looking up key:
* hdr.vlan.vid        : 0002

[21:30:02.649] [bmv2] [D] [thread 28336] [12.0] [cxt 0] Table 'MyIngress.vlan_exact': hit with handle 1
[21:30:02.649] [bmv2] [D] [thread 28336] [12.0] [cxt 0] Dumping entry 1
Match key:
* hdr.vlan.vid        : EXACT     0002
Action entry: MyIngress.forward_tag - 80000000100,2,

[21:30:02.649] [bmv2] [D] [thread 28336] [12.0] [cxt 0] Action entry is MyIngress.forward_tag - 80000000100,2,
[21:30:02.649] [bmv2] [T] [thread 28336] [12.0] [cxt 0] Action MyIngress.forward_tag
[21:30:02.649] [bmv2] [T] [thread 28336] [12.0] [cxt 0] basic.p4(161) Primitive hdr.ethernet.srcAddr = hdr.ethernet.dstAddr
[21:30:02.649] [bmv2] [T] [thread 28336] [12.0] [cxt 0] basic.p4(162) Primitive hdr.ethernet.dstAddr = dstAddr
[21:30:02.649] [bmv2] [T] [thread 28336] [12.0] [cxt 0] basic.p4(163) Primitive standard_metadata.egress_spec = port
[21:30:02.649] [bmv2] [T] [thread 28336] [12.0] [cxt 0] basic.p4(164) Primitive hdr.ipv4.ttl = hdr.ipv4.ttl - 1
[21:30:02.649] [bmv2] [T] [thread 28336] [12.0] [cxt 0] basic.p4(194) Condition "hdr.ipv4.isValid() && !hdr.vlan.isValid()" (node_4) is false
[21:30:02.649] [bmv2] [D] [thread 28336] [12.0] [cxt 0] Pipeline 'ingress': end
[21:30:02.649] [bmv2] [D] [thread 28336] [12.0] [cxt 0] Egress port is 2
[21:30:02.649] [bmv2] [D] [thread 28339] [12.0] [cxt 0] Pipeline 'egress': start
[21:30:02.649] [bmv2] [D] [thread 28339] [12.0] [cxt 0] Pipeline 'egress': end
[21:30:02.649] [bmv2] [D] [thread 28339] [12.0] [cxt 0] Deparser 'deparser': start
[21:30:02.649] [bmv2] [T] [thread 28339] [12.0] [cxt 0] Skipping checksum 'cksum' update because condition not met
[21:30:02.649] [bmv2] [D] [thread 28339] [12.0] [cxt 0] Deparsing header 'ethernet'
[21:30:02.649] [bmv2] [D] [thread 28339] [12.0] [cxt 0] Deparsing header 'vlan'
[21:30:02.649] [bmv2] [D] [thread 28339] [12.0] [cxt 0] Deparser 'deparser': end
[21:30:02.649] [bmv2] [D] [thread 28341] [12.0] [cxt 0] Transmitting packet of size 102 out of port 2
[21:30:02.651] [bmv2] [D] [thread 28336] [13.0] [cxt 0] Processing packet received on port 1
[21:30:02.651] [bmv2] [D] [thread 28336] [13.0] [cxt 0] Parser 'parser': start
[21:30:02.651] [bmv2] [D] [thread 28336] [13.0] [cxt 0] Parser 'parser' entering state 'start'
[21:30:02.651] [bmv2] [D] [thread 28336] [13.0] [cxt 0] Extracting header 'ethernet'
[21:30:02.651] [bmv2] [D] [thread 28336] [13.0] [cxt 0] Parser state 'start': key is 8100
[21:30:02.651] [bmv2] [T] [thread 28336] [13.0] [cxt 0] Bytes parsed: 14
[21:30:02.651] [bmv2] [D] [thread 28336] [13.0] [cxt 0] Parser 'parser' entering state 'parse_vlan'
[21:30:02.651] [bmv2] [D] [thread 28336] [13.0] [cxt 0] Extracting header 'vlan'
[21:30:02.651] [bmv2] [D] [thread 28336] [13.0] [cxt 0] Parser state 'parse_vlan': key is 8100
[21:30:02.651] [bmv2] [T] [thread 28336] [13.0] [cxt 0] Bytes parsed: 18
[21:30:02.651] [bmv2] [D] [thread 28336] [13.0] [cxt 0] Parser 'parser': end
[21:30:02.651] [bmv2] [D] [thread 28336] [13.0] [cxt 0] Pipeline 'ingress': start
[21:30:02.651] [bmv2] [T] [thread 28336] [13.0] [cxt 0] basic.p4(190) Condition "hdr.vlan.isValid()" (node_2) is true
[21:30:02.651] [bmv2] [T] [thread 28336] [13.0] [cxt 0] Applying table 'MyIngress.vlan_exact'
[21:30:02.651] [bmv2] [D] [thread 28336] [13.0] [cxt 0] Looking up key:
* hdr.vlan.vid        : 0001

[21:30:02.651] [bmv2] [D] [thread 28336] [13.0] [cxt 0] Table 'MyIngress.vlan_exact': hit with handle 0
[21:30:02.651] [bmv2] [D] [thread 28336] [13.0] [cxt 0] Dumping entry 0
Match key:
* hdr.vlan.vid        : EXACT     0001
Action entry: MyIngress.forward_tag - 80000000100,2,

[21:30:02.651] [bmv2] [D] [thread 28336] [13.0] [cxt 0] Action entry is MyIngress.forward_tag - 80000000100,2,
[21:30:02.651] [bmv2] [T] [thread 28336] [13.0] [cxt 0] Action MyIngress.forward_tag
[21:30:02.651] [bmv2] [T] [thread 28336] [13.0] [cxt 0] basic.p4(161) Primitive hdr.ethernet.srcAddr = hdr.ethernet.dstAddr
[21:30:02.651] [bmv2] [T] [thread 28336] [13.0] [cxt 0] basic.p4(162) Primitive hdr.ethernet.dstAddr = dstAddr
[21:30:02.651] [bmv2] [T] [thread 28336] [13.0] [cxt 0] basic.p4(163) Primitive standard_metadata.egress_spec = port
[21:30:02.651] [bmv2] [T] [thread 28336] [13.0] [cxt 0] basic.p4(164) Primitive hdr.ipv4.ttl = hdr.ipv4.ttl - 1
[21:30:02.651] [bmv2] [T] [thread 28336] [13.0] [cxt 0] basic.p4(194) Condition "hdr.ipv4.isValid() && !hdr.vlan.isValid()" (node_4) is false
[21:30:02.651] [bmv2] [D] [thread 28336] [13.0] [cxt 0] Pipeline 'ingress': end
[21:30:02.651] [bmv2] [D] [thread 28336] [13.0] [cxt 0] Egress port is 2
[21:30:02.651] [bmv2] [D] [thread 28339] [13.0] [cxt 0] Pipeline 'egress': start
[21:30:02.651] [bmv2] [D] [thread 28339] [13.0] [cxt 0] Pipeline 'egress': end
[21:30:02.651] [bmv2] [D] [thread 28339] [13.0] [cxt 0] Deparser 'deparser': start
[21:30:02.651] [bmv2] [T] [thread 28339] [13.0] [cxt 0] Skipping checksum 'cksum' update because condition not met
[21:30:02.651] [bmv2] [D] [thread 28339] [13.0] [cxt 0] Deparsing header 'ethernet'
[21:30:02.651] [bmv2] [D] [thread 28339] [13.0] [cxt 0] Deparsing header 'vlan'
[21:30:02.651] [bmv2] [D] [thread 28339] [13.0] [cxt 0] Deparser 'deparser': end
[21:30:02.651] [bmv2] [D] [thread 28341] [13.0] [cxt 0] Transmitting packet of size 102 out of port 2
[21:30:02.653] [bmv2] [D] [thread 28336] [14.0] [cxt 0] Processing packet received on port 1
[21:30:02.653] [bmv2] [D] [thread 28336] [14.0] [cxt 0] Parser 'parser': start
[21:30:02.653] [bmv2] [D] [thread 28336] [14.0] [cxt 0] Parser 'parser' entering state 'start'
[21:30:02.653] [bmv2] [D] [thread 28336] [14.0] [cxt 0] Extracting header 'ethernet'
[21:30:02.653] [bmv2] [D] [thread 28336] [14.0] [cxt 0] Parser state 'start': key is 8100
[21:30:02.653] [bmv2] [T] [thread 28336] [14.0] [cxt 0] Bytes parsed: 14
[21:30:02.653] [bmv2] [D] [thread 28336] [14.0] [cxt 0] Parser 'parser' entering state 'parse_vlan'
[21:30:02.653] [bmv2] [D] [thread 28336] [14.0] [cxt 0] Extracting header 'vlan'
[21:30:02.653] [bmv2] [D] [thread 28336] [14.0] [cxt 0] Parser state 'parse_vlan': key is 8100
[21:30:02.653] [bmv2] [T] [thread 28336] [14.0] [cxt 0] Bytes parsed: 18
[21:30:02.653] [bmv2] [D] [thread 28336] [14.0] [cxt 0] Parser 'parser': end
[21:30:02.653] [bmv2] [D] [thread 28336] [14.0] [cxt 0] Pipeline 'ingress': start
[21:30:02.653] [bmv2] [T] [thread 28336] [14.0] [cxt 0] basic.p4(190) Condition "hdr.vlan.isValid()" (node_2) is true
[21:30:02.653] [bmv2] [T] [thread 28336] [14.0] [cxt 0] Applying table 'MyIngress.vlan_exact'
[21:30:02.653] [bmv2] [D] [thread 28336] [14.0] [cxt 0] Looking up key:
* hdr.vlan.vid        : 0002

[21:30:02.653] [bmv2] [D] [thread 28336] [14.0] [cxt 0] Table 'MyIngress.vlan_exact': hit with handle 1
[21:30:02.653] [bmv2] [D] [thread 28336] [14.0] [cxt 0] Dumping entry 1
Match key:
* hdr.vlan.vid        : EXACT     0002
Action entry: MyIngress.forward_tag - 80000000100,2,

[21:30:02.653] [bmv2] [D] [thread 28336] [14.0] [cxt 0] Action entry is MyIngress.forward_tag - 80000000100,2,
[21:30:02.653] [bmv2] [T] [thread 28336] [14.0] [cxt 0] Action MyIngress.forward_tag
[21:30:02.653] [bmv2] [T] [thread 28336] [14.0] [cxt 0] basic.p4(161) Primitive hdr.ethernet.srcAddr = hdr.ethernet.dstAddr
[21:30:02.653] [bmv2] [T] [thread 28336] [14.0] [cxt 0] basic.p4(162) Primitive hdr.ethernet.dstAddr = dstAddr
[21:30:02.653] [bmv2] [T] [thread 28336] [14.0] [cxt 0] basic.p4(163) Primitive standard_metadata.egress_spec = port
[21:30:02.653] [bmv2] [T] [thread 28336] [14.0] [cxt 0] basic.p4(164) Primitive hdr.ipv4.ttl = hdr.ipv4.ttl - 1
[21:30:02.653] [bmv2] [T] [thread 28336] [14.0] [cxt 0] basic.p4(194) Condition "hdr.ipv4.isValid() && !hdr.vlan.isValid()" (node_4) is false
[21:30:02.653] [bmv2] [D] [thread 28336] [14.0] [cxt 0] Pipeline 'ingress': end
[21:30:02.653] [bmv2] [D] [thread 28336] [14.0] [cxt 0] Egress port is 2
[21:30:02.653] [bmv2] [D] [thread 28339] [14.0] [cxt 0] Pipeline 'egress': start
[21:30:02.653] [bmv2] [D] [thread 28339] [14.0] [cxt 0] Pipeline 'egress': end
[21:30:02.653] [bmv2] [D] [thread 28339] [14.0] [cxt 0] Deparser 'deparser': start
[21:30:02.653] [bmv2] [T] [thread 28339] [14.0] [cxt 0] Skipping checksum 'cksum' update because condition not met
[21:30:02.653] [bmv2] [D] [thread 28339] [14.0] [cxt 0] Deparsing header 'ethernet'
[21:30:02.653] [bmv2] [D] [thread 28339] [14.0] [cxt 0] Deparsing header 'vlan'
[21:30:02.653] [bmv2] [D] [thread 28339] [14.0] [cxt 0] Deparser 'deparser': end
[21:30:02.653] [bmv2] [D] [thread 28341] [14.0] [cxt 0] Transmitting packet of size 102 out of port 2
[21:30:02.656] [bmv2] [D] [thread 28336] [15.0] [cxt 0] Processing packet received on port 1
[21:30:02.656] [bmv2] [D] [thread 28336] [15.0] [cxt 0] Parser 'parser': start
[21:30:02.656] [bmv2] [D] [thread 28336] [15.0] [cxt 0] Parser 'parser' entering state 'start'
[21:30:02.656] [bmv2] [D] [thread 28336] [15.0] [cxt 0] Extracting header 'ethernet'
[21:30:02.656] [bmv2] [D] [thread 28336] [15.0] [cxt 0] Parser state 'start': key is 8100
[21:30:02.656] [bmv2] [T] [thread 28336] [15.0] [cxt 0] Bytes parsed: 14
[21:30:02.656] [bmv2] [D] [thread 28336] [15.0] [cxt 0] Parser 'parser' entering state 'parse_vlan'
[21:30:02.656] [bmv2] [D] [thread 28336] [15.0] [cxt 0] Extracting header 'vlan'
[21:30:02.656] [bmv2] [D] [thread 28336] [15.0] [cxt 0] Parser state 'parse_vlan': key is 8100
[21:30:02.656] [bmv2] [T] [thread 28336] [15.0] [cxt 0] Bytes parsed: 18
[21:30:02.656] [bmv2] [D] [thread 28336] [15.0] [cxt 0] Parser 'parser': end
[21:30:02.656] [bmv2] [D] [thread 28336] [15.0] [cxt 0] Pipeline 'ingress': start
[21:30:02.656] [bmv2] [T] [thread 28336] [15.0] [cxt 0] basic.p4(190) Condition "hdr.vlan.isValid()" (node_2) is true
[21:30:02.656] [bmv2] [T] [thread 28336] [15.0] [cxt 0] Applying table 'MyIngress.vlan_exact'
[21:30:02.656] [bmv2] [D] [thread 28336] [15.0] [cxt 0] Looking up key:
* hdr.vlan.vid        : 0001

[21:30:02.656] [bmv2] [D] [thread 28336] [15.0] [cxt 0] Table 'MyIngress.vlan_exact': hit with handle 0
[21:30:02.656] [bmv2] [D] [thread 28336] [15.0] [cxt 0] Dumping entry 0
Match key:
* hdr.vlan.vid        : EXACT     0001
Action entry: MyIngress.forward_tag - 80000000100,2,

[21:30:02.656] [bmv2] [D] [thread 28336] [15.0] [cxt 0] Action entry is MyIngress.forward_tag - 80000000100,2,
[21:30:02.656] [bmv2] [T] [thread 28336] [15.0] [cxt 0] Action MyIngress.forward_tag
[21:30:02.656] [bmv2] [T] [thread 28336] [15.0] [cxt 0] basic.p4(161) Primitive hdr.ethernet.srcAddr = hdr.ethernet.dstAddr
[21:30:02.656] [bmv2] [T] [thread 28336] [15.0] [cxt 0] basic.p4(162) Primitive hdr.ethernet.dstAddr = dstAddr
[21:30:02.656] [bmv2] [T] [thread 28336] [15.0] [cxt 0] basic.p4(163) Primitive standard_metadata.egress_spec = port
[21:30:02.656] [bmv2] [T] [thread 28336] [15.0] [cxt 0] basic.p4(164) Primitive hdr.ipv4.ttl = hdr.ipv4.ttl - 1
[21:30:02.656] [bmv2] [T] [thread 28336] [15.0] [cxt 0] basic.p4(194) Condition "hdr.ipv4.isValid() && !hdr.vlan.isValid()" (node_4) is false
[21:30:02.656] [bmv2] [D] [thread 28336] [15.0] [cxt 0] Pipeline 'ingress': end
[21:30:02.656] [bmv2] [D] [thread 28336] [15.0] [cxt 0] Egress port is 2
[21:30:02.656] [bmv2] [D] [thread 28339] [15.0] [cxt 0] Pipeline 'egress': start
[21:30:02.656] [bmv2] [D] [thread 28339] [15.0] [cxt 0] Pipeline 'egress': end
[21:30:02.656] [bmv2] [D] [thread 28339] [15.0] [cxt 0] Deparser 'deparser': start
[21:30:02.656] [bmv2] [T] [thread 28339] [15.0] [cxt 0] Skipping checksum 'cksum' update because condition not met
[21:30:02.656] [bmv2] [D] [thread 28339] [15.0] [cxt 0] Deparsing header 'ethernet'
[21:30:02.656] [bmv2] [D] [thread 28339] [15.0] [cxt 0] Deparsing header 'vlan'
[21:30:02.656] [bmv2] [D] [thread 28339] [15.0] [cxt 0] Deparser 'deparser': end
[21:30:02.656] [bmv2] [D] [thread 28341] [15.0] [cxt 0] Transmitting packet of size 102 out of port 2
[21:30:02.658] [bmv2] [D] [thread 28336] [16.0] [cxt 0] Processing packet received on port 1
[21:30:02.658] [bmv2] [D] [thread 28336] [16.0] [cxt 0] Parser 'parser': start
[21:30:02.658] [bmv2] [D] [thread 28336] [16.0] [cxt 0] Parser 'parser' entering state 'start'
[21:30:02.658] [bmv2] [D] [thread 28336] [16.0] [cxt 0] Extracting header 'ethernet'
[21:30:02.658] [bmv2] [D] [thread 28336] [16.0] [cxt 0] Parser state 'start': key is 8100
[21:30:02.658] [bmv2] [T] [thread 28336] [16.0] [cxt 0] Bytes parsed: 14
[21:30:02.658] [bmv2] [D] [thread 28336] [16.0] [cxt 0] Parser 'parser' entering state 'parse_vlan'
[21:30:02.658] [bmv2] [D] [thread 28336] [16.0] [cxt 0] Extracting header 'vlan'
[21:30:02.658] [bmv2] [D] [thread 28336] [16.0] [cxt 0] Parser state 'parse_vlan': key is 8100
[21:30:02.658] [bmv2] [T] [thread 28336] [16.0] [cxt 0] Bytes parsed: 18
[21:30:02.658] [bmv2] [D] [thread 28336] [16.0] [cxt 0] Parser 'parser': end
[21:30:02.658] [bmv2] [D] [thread 28336] [16.0] [cxt 0] Pipeline 'ingress': start
[21:30:02.658] [bmv2] [T] [thread 28336] [16.0] [cxt 0] basic.p4(190) Condition "hdr.vlan.isValid()" (node_2) is true
[21:30:02.658] [bmv2] [T] [thread 28336] [16.0] [cxt 0] Applying table 'MyIngress.vlan_exact'
[21:30:02.658] [bmv2] [D] [thread 28336] [16.0] [cxt 0] Looking up key:
* hdr.vlan.vid        : 0002

[21:30:02.658] [bmv2] [D] [thread 28336] [16.0] [cxt 0] Table 'MyIngress.vlan_exact': hit with handle 1
[21:30:02.658] [bmv2] [D] [thread 28336] [16.0] [cxt 0] Dumping entry 1
Match key:
* hdr.vlan.vid        : EXACT     0002
Action entry: MyIngress.forward_tag - 80000000100,2,

[21:30:02.658] [bmv2] [D] [thread 28336] [16.0] [cxt 0] Action entry is MyIngress.forward_tag - 80000000100,2,
[21:30:02.658] [bmv2] [T] [thread 28336] [16.0] [cxt 0] Action MyIngress.forward_tag
[21:30:02.658] [bmv2] [T] [thread 28336] [16.0] [cxt 0] basic.p4(161) Primitive hdr.ethernet.srcAddr = hdr.ethernet.dstAddr
[21:30:02.658] [bmv2] [T] [thread 28336] [16.0] [cxt 0] basic.p4(162) Primitive hdr.ethernet.dstAddr = dstAddr
[21:30:02.658] [bmv2] [T] [thread 28336] [16.0] [cxt 0] basic.p4(163) Primitive standard_metadata.egress_spec = port
[21:30:02.658] [bmv2] [T] [thread 28336] [16.0] [cxt 0] basic.p4(164) Primitive hdr.ipv4.ttl = hdr.ipv4.ttl - 1
[21:30:02.658] [bmv2] [T] [thread 28336] [16.0] [cxt 0] basic.p4(194) Condition "hdr.ipv4.isValid() && !hdr.vlan.isValid()" (node_4) is false
[21:30:02.658] [bmv2] [D] [thread 28336] [16.0] [cxt 0] Pipeline 'ingress': end
[21:30:02.658] [bmv2] [D] [thread 28336] [16.0] [cxt 0] Egress port is 2
[21:30:02.658] [bmv2] [D] [thread 28339] [16.0] [cxt 0] Pipeline 'egress': start
[21:30:02.658] [bmv2] [D] [thread 28339] [16.0] [cxt 0] Pipeline 'egress': end
[21:30:02.658] [bmv2] [D] [thread 28339] [16.0] [cxt 0] Deparser 'deparser': start
[21:30:02.658] [bmv2] [T] [thread 28339] [16.0] [cxt 0] Skipping checksum 'cksum' update because condition not met
[21:30:02.658] [bmv2] [D] [thread 28339] [16.0] [cxt 0] Deparsing header 'ethernet'
[21:30:02.658] [bmv2] [D] [thread 28339] [16.0] [cxt 0] Deparsing header 'vlan'
[21:30:02.658] [bmv2] [D] [thread 28339] [16.0] [cxt 0] Deparser 'deparser': end
[21:30:02.658] [bmv2] [D] [thread 28341] [16.0] [cxt 0] Transmitting packet of size 102 out of port 2
[21:30:08.506] [bmv2] [D] [thread 28336] [17.0] [cxt 0] Processing packet received on port 2
[21:30:08.506] [bmv2] [D] [thread 28336] [17.0] [cxt 0] Parser 'parser': start
[21:30:08.506] [bmv2] [D] [thread 28336] [17.0] [cxt 0] Parser 'parser' entering state 'start'
[21:30:08.506] [bmv2] [D] [thread 28336] [17.0] [cxt 0] Extracting header 'ethernet'
[21:30:08.506] [bmv2] [D] [thread 28336] [17.0] [cxt 0] Parser state 'start': key is 86dd
[21:30:08.506] [bmv2] [T] [thread 28336] [17.0] [cxt 0] Bytes parsed: 14
[21:30:08.506] [bmv2] [D] [thread 28336] [17.0] [cxt 0] Parser 'parser': end
[21:30:08.506] [bmv2] [D] [thread 28336] [17.0] [cxt 0] Pipeline 'ingress': start
[21:30:08.506] [bmv2] [T] [thread 28336] [17.0] [cxt 0] basic.p4(190) Condition "hdr.vlan.isValid()" (node_2) is false
[21:30:08.506] [bmv2] [T] [thread 28336] [17.0] [cxt 0] basic.p4(194) Condition "hdr.ipv4.isValid() && !hdr.vlan.isValid()" (node_4) is false
[21:30:08.506] [bmv2] [D] [thread 28336] [17.0] [cxt 0] Pipeline 'ingress': end
[21:30:08.506] [bmv2] [D] [thread 28336] [17.0] [cxt 0] Egress port is 0
[21:30:08.506] [bmv2] [D] [thread 28337] [17.0] [cxt 0] Pipeline 'egress': start
[21:30:08.506] [bmv2] [D] [thread 28337] [17.0] [cxt 0] Pipeline 'egress': end
[21:30:08.506] [bmv2] [D] [thread 28337] [17.0] [cxt 0] Deparser 'deparser': start
[21:30:08.506] [bmv2] [T] [thread 28337] [17.0] [cxt 0] Skipping checksum 'cksum' update because condition not met
[21:30:08.506] [bmv2] [D] [thread 28337] [17.0] [cxt 0] Deparsing header 'ethernet'
[21:30:08.506] [bmv2] [D] [thread 28337] [17.0] [cxt 0] Deparser 'deparser': end
[21:30:08.506] [bmv2] [D] [thread 28341] [17.0] [cxt 0] Transmitting packet of size 70 out of port 0
[21:30:09.529] [bmv2] [D] [thread 28336] [18.0] [cxt 0] Processing packet received on port 2
[21:30:09.529] [bmv2] [D] [thread 28336] [18.0] [cxt 0] Parser 'parser': start
[21:30:09.529] [bmv2] [D] [thread 28336] [18.0] [cxt 0] Parser 'parser' entering state 'start'
[21:30:09.529] [bmv2] [D] [thread 28336] [18.0] [cxt 0] Extracting header 'ethernet'
[21:30:09.529] [bmv2] [D] [thread 28336] [18.0] [cxt 0] Parser state 'start': key is 86dd
[21:30:09.529] [bmv2] [T] [thread 28336] [18.0] [cxt 0] Bytes parsed: 14
[21:30:09.529] [bmv2] [D] [thread 28336] [18.0] [cxt 0] Parser 'parser': end
[21:30:09.529] [bmv2] [D] [thread 28336] [18.0] [cxt 0] Pipeline 'ingress': start
[21:30:09.529] [bmv2] [T] [thread 28336] [18.0] [cxt 0] basic.p4(190) Condition "hdr.vlan.isValid()" (node_2) is false
[21:30:09.529] [bmv2] [T] [thread 28336] [18.0] [cxt 0] basic.p4(194) Condition "hdr.ipv4.isValid() && !hdr.vlan.isValid()" (node_4) is false
[21:30:09.529] [bmv2] [D] [thread 28336] [18.0] [cxt 0] Pipeline 'ingress': end
[21:30:09.529] [bmv2] [D] [thread 28336] [18.0] [cxt 0] Egress port is 0
[21:30:09.529] [bmv2] [D] [thread 28337] [18.0] [cxt 0] Pipeline 'egress': start
[21:30:09.529] [bmv2] [D] [thread 28337] [18.0] [cxt 0] Pipeline 'egress': end
[21:30:09.529] [bmv2] [D] [thread 28337] [18.0] [cxt 0] Deparser 'deparser': start
[21:30:09.529] [bmv2] [T] [thread 28337] [18.0] [cxt 0] Skipping checksum 'cksum' update because condition not met
[21:30:09.529] [bmv2] [D] [thread 28337] [18.0] [cxt 0] Deparsing header 'ethernet'
[21:30:09.529] [bmv2] [D] [thread 28337] [18.0] [cxt 0] Deparser 'deparser': end
[21:30:09.529] [bmv2] [D] [thread 28341] [18.0] [cxt 0] Transmitting packet of size 70 out of port 0
[21:30:10.546] [bmv2] [D] [thread 28336] [19.0] [cxt 0] Processing packet received on port 1
[21:30:10.546] [bmv2] [D] [thread 28336] [19.0] [cxt 0] Parser 'parser': start
[21:30:10.546] [bmv2] [D] [thread 28336] [19.0] [cxt 0] Parser 'parser' entering state 'start'
[21:30:10.546] [bmv2] [D] [thread 28336] [19.0] [cxt 0] Extracting header 'ethernet'
[21:30:10.546] [bmv2] [D] [thread 28336] [19.0] [cxt 0] Parser state 'start': key is 86dd
[21:30:10.546] [bmv2] [T] [thread 28336] [19.0] [cxt 0] Bytes parsed: 14
[21:30:10.546] [bmv2] [D] [thread 28336] [19.0] [cxt 0] Parser 'parser': end
[21:30:10.546] [bmv2] [D] [thread 28336] [19.0] [cxt 0] Pipeline 'ingress': start
[21:30:10.546] [bmv2] [T] [thread 28336] [19.0] [cxt 0] basic.p4(190) Condition "hdr.vlan.isValid()" (node_2) is false
[21:30:10.546] [bmv2] [T] [thread 28336] [19.0] [cxt 0] basic.p4(194) Condition "hdr.ipv4.isValid() && !hdr.vlan.isValid()" (node_4) is false
[21:30:10.546] [bmv2] [D] [thread 28336] [19.0] [cxt 0] Pipeline 'ingress': end
[21:30:10.546] [bmv2] [D] [thread 28336] [19.0] [cxt 0] Egress port is 0
[21:30:10.546] [bmv2] [D] [thread 28337] [19.0] [cxt 0] Pipeline 'egress': start
[21:30:10.546] [bmv2] [D] [thread 28337] [19.0] [cxt 0] Pipeline 'egress': end
[21:30:10.546] [bmv2] [D] [thread 28337] [19.0] [cxt 0] Deparser 'deparser': start
[21:30:10.546] [bmv2] [T] [thread 28337] [19.0] [cxt 0] Skipping checksum 'cksum' update because condition not met
[21:30:10.546] [bmv2] [D] [thread 28337] [19.0] [cxt 0] Deparsing header 'ethernet'
[21:30:10.546] [bmv2] [D] [thread 28337] [19.0] [cxt 0] Deparser 'deparser': end
[21:30:10.546] [bmv2] [D] [thread 28341] [19.0] [cxt 0] Transmitting packet of size 70 out of port 0
[21:30:10.802] [bmv2] [D] [thread 28336] [20.0] [cxt 0] Processing packet received on port 1
[21:30:10.802] [bmv2] [D] [thread 28336] [20.0] [cxt 0] Parser 'parser': start
[21:30:10.802] [bmv2] [D] [thread 28336] [20.0] [cxt 0] Parser 'parser' entering state 'start'
[21:30:10.802] [bmv2] [D] [thread 28336] [20.0] [cxt 0] Extracting header 'ethernet'
[21:30:10.802] [bmv2] [D] [thread 28336] [20.0] [cxt 0] Parser state 'start': key is 86dd
[21:30:10.802] [bmv2] [T] [thread 28336] [20.0] [cxt 0] Bytes parsed: 14
[21:30:10.802] [bmv2] [D] [thread 28336] [20.0] [cxt 0] Parser 'parser': end
[21:30:10.802] [bmv2] [D] [thread 28336] [20.0] [cxt 0] Pipeline 'ingress': start
[21:30:10.802] [bmv2] [T] [thread 28336] [20.0] [cxt 0] basic.p4(190) Condition "hdr.vlan.isValid()" (node_2) is false
[21:30:10.802] [bmv2] [T] [thread 28336] [20.0] [cxt 0] basic.p4(194) Condition "hdr.ipv4.isValid() && !hdr.vlan.isValid()" (node_4) is false
[21:30:10.802] [bmv2] [D] [thread 28336] [20.0] [cxt 0] Pipeline 'ingress': end
[21:30:10.802] [bmv2] [D] [thread 28336] [20.0] [cxt 0] Egress port is 0
[21:30:10.802] [bmv2] [D] [thread 28337] [20.0] [cxt 0] Pipeline 'egress': start
[21:30:10.802] [bmv2] [D] [thread 28337] [20.0] [cxt 0] Pipeline 'egress': end
[21:30:10.802] [bmv2] [D] [thread 28337] [20.0] [cxt 0] Deparser 'deparser': start
[21:30:10.802] [bmv2] [T] [thread 28337] [20.0] [cxt 0] Skipping checksum 'cksum' update because condition not met
[21:30:10.802] [bmv2] [D] [thread 28337] [20.0] [cxt 0] Deparsing header 'ethernet'
[21:30:10.802] [bmv2] [D] [thread 28337] [20.0] [cxt 0] Deparser 'deparser': end
[21:30:10.802] [bmv2] [D] [thread 28341] [20.0] [cxt 0] Transmitting packet of size 70 out of port 0
[21:30:23.346] [bmv2] [D] [thread 28336] [21.0] [cxt 0] Processing packet received on port 2
[21:30:23.346] [bmv2] [D] [thread 28336] [21.0] [cxt 0] Parser 'parser': start
[21:30:23.346] [bmv2] [D] [thread 28336] [21.0] [cxt 0] Parser 'parser' entering state 'start'
[21:30:23.346] [bmv2] [D] [thread 28336] [21.0] [cxt 0] Extracting header 'ethernet'
[21:30:23.346] [bmv2] [D] [thread 28336] [21.0] [cxt 0] Parser state 'start': key is 86dd
[21:30:23.346] [bmv2] [T] [thread 28336] [21.0] [cxt 0] Bytes parsed: 14
[21:30:23.346] [bmv2] [D] [thread 28336] [21.0] [cxt 0] Parser 'parser': end
[21:30:23.346] [bmv2] [D] [thread 28336] [21.0] [cxt 0] Pipeline 'ingress': start
[21:30:23.346] [bmv2] [T] [thread 28336] [21.0] [cxt 0] basic.p4(190) Condition "hdr.vlan.isValid()" (node_2) is false
[21:30:23.346] [bmv2] [T] [thread 28336] [21.0] [cxt 0] basic.p4(194) Condition "hdr.ipv4.isValid() && !hdr.vlan.isValid()" (node_4) is false
[21:30:23.346] [bmv2] [D] [thread 28336] [21.0] [cxt 0] Pipeline 'ingress': end
[21:30:23.346] [bmv2] [D] [thread 28336] [21.0] [cxt 0] Egress port is 0
[21:30:23.346] [bmv2] [D] [thread 28337] [21.0] [cxt 0] Pipeline 'egress': start
[21:30:23.346] [bmv2] [D] [thread 28337] [21.0] [cxt 0] Pipeline 'egress': end
[21:30:23.346] [bmv2] [D] [thread 28337] [21.0] [cxt 0] Deparser 'deparser': start
[21:30:23.346] [bmv2] [T] [thread 28337] [21.0] [cxt 0] Skipping checksum 'cksum' update because condition not met
[21:30:23.346] [bmv2] [D] [thread 28337] [21.0] [cxt 0] Deparsing header 'ethernet'
[21:30:23.346] [bmv2] [D] [thread 28337] [21.0] [cxt 0] Deparser 'deparser': end
[21:30:23.346] [bmv2] [D] [thread 28341] [21.0] [cxt 0] Transmitting packet of size 70 out of port 0
[21:30:25.402] [bmv2] [D] [thread 28336] [22.0] [cxt 0] Processing packet received on port 2
[21:30:25.402] [bmv2] [D] [thread 28336] [22.0] [cxt 0] Parser 'parser': start
[21:30:25.402] [bmv2] [D] [thread 28336] [22.0] [cxt 0] Parser 'parser' entering state 'start'
[21:30:25.402] [bmv2] [D] [thread 28336] [22.0] [cxt 0] Extracting header 'ethernet'
[21:30:25.402] [bmv2] [D] [thread 28336] [22.0] [cxt 0] Parser state 'start': key is 86dd
[21:30:25.402] [bmv2] [T] [thread 28336] [22.0] [cxt 0] Bytes parsed: 14
[21:30:25.402] [bmv2] [D] [thread 28336] [22.0] [cxt 0] Parser 'parser': end
[21:30:25.402] [bmv2] [D] [thread 28336] [22.0] [cxt 0] Pipeline 'ingress': start
[21:30:25.402] [bmv2] [T] [thread 28336] [22.0] [cxt 0] basic.p4(190) Condition "hdr.vlan.isValid()" (node_2) is false
[21:30:25.402] [bmv2] [T] [thread 28336] [22.0] [cxt 0] basic.p4(194) Condition "hdr.ipv4.isValid() && !hdr.vlan.isValid()" (node_4) is false
[21:30:25.402] [bmv2] [D] [thread 28336] [22.0] [cxt 0] Pipeline 'ingress': end
[21:30:25.402] [bmv2] [D] [thread 28336] [22.0] [cxt 0] Egress port is 0
[21:30:25.403] [bmv2] [D] [thread 28337] [22.0] [cxt 0] Pipeline 'egress': start
[21:30:25.403] [bmv2] [D] [thread 28337] [22.0] [cxt 0] Pipeline 'egress': end
[21:30:25.403] [bmv2] [D] [thread 28337] [22.0] [cxt 0] Deparser 'deparser': start
[21:30:25.403] [bmv2] [T] [thread 28337] [22.0] [cxt 0] Skipping checksum 'cksum' update because condition not met
[21:30:25.403] [bmv2] [D] [thread 28337] [22.0] [cxt 0] Deparsing header 'ethernet'
[21:30:25.403] [bmv2] [D] [thread 28337] [22.0] [cxt 0] Deparser 'deparser': end
[21:30:25.403] [bmv2] [D] [thread 28341] [22.0] [cxt 0] Transmitting packet of size 70 out of port 0
open: No such file or directory
open: No such file or directory
open: No such file or directory
open: No such file or directory
